Using pre-set license
Built from '2023.1/staging' branch; Version is '2023.1.11f1 (fbf46ad88f3d) revision 16512106'; Using compiler version '192829333'; Build Type 'Release'
OS: 'Windows 10  (10.0.19045) 64bit Enterprise' Language: 'en' Physical Memory: 32477 MB
BatchMode: 1, IsHumanControllingUs: 0, StartBugReporterOnCrash: 0, Is64bit: 1, IsPro: 1

COMMAND LINE ARGUMENTS:
C:\Program Files\Unity 2023.1.11f1\Editor\Unity.exe
-adb2
-batchMode
-noUpm
-name
AssetImportWorker0
-projectPath
C:/Users/A00307309/OneDrive - TUS MM/2nd Year/Documents/GitHub/racoonSim/spaceApps
-logFile
Logs/AssetImportWorker0.log
-srvPort
51095
Successfully changed project path to: C:/Users/A00307309/OneDrive - TUS MM/2nd Year/Documents/GitHub/racoonSim/spaceApps
C:/Users/A00307309/OneDrive - TUS MM/2nd Year/Documents/GitHub/racoonSim/spaceApps
[UnityMemory] Configuration Parameters - Can be set up in boot.config
    "memorysetup-bucket-allocator-granularity=16"
    "memorysetup-bucket-allocator-bucket-count=8"
    "memorysetup-bucket-allocator-block-size=33554432"
    "memorysetup-bucket-allocator-block-count=8"
    "memorysetup-main-allocator-block-size=16777216"
    "memorysetup-thread-allocator-block-size=16777216"
    "memorysetup-gfx-main-allocator-block-size=16777216"
    "memorysetup-gfx-thread-allocator-block-size=16777216"
    "memorysetup-cache-allocator-block-size=4194304"
    "memorysetup-typetree-allocator-block-size=2097152"
    "memorysetup-profiler-bucket-allocator-granularity=16"
    "memorysetup-profiler-bucket-allocator-bucket-count=8"
    "memorysetup-profiler-bucket-allocator-block-size=33554432"
    "memorysetup-profiler-bucket-allocator-block-count=8"
    "memorysetup-profiler-allocator-block-size=16777216"
    "memorysetup-profiler-editor-allocator-block-size=1048576"
    "memorysetup-temp-allocator-size-main=16777216"
    "memorysetup-job-temp-allocator-block-size=2097152"
    "memorysetup-job-temp-allocator-block-size-background=1048576"
    "memorysetup-job-temp-allocator-reduction-small-platforms=262144"
    "memorysetup-allocator-temp-initial-block-size-main=262144"
    "memorysetup-allocator-temp-initial-block-size-worker=262144"
    "memorysetup-temp-allocator-size-background-worker=32768"
    "memorysetup-temp-allocator-size-job-worker=262144"
    "memorysetup-temp-allocator-size-preload-manager=33554432"
    "memorysetup-temp-allocator-size-nav-mesh-worker=65536"
    "memorysetup-temp-allocator-size-audio-worker=65536"
    "memorysetup-temp-allocator-size-cloud-worker=32768"
    "memorysetup-temp-allocator-size-gi-baking-worker=262144"
    "memorysetup-temp-allocator-size-gfx=262144"
Player connection [19092] Host "[IP] 192.168.222.109 [Port] 0 [Flags] 2 [Guid] 3814070123 [EditorId] 3814070123 [Version] 1048832 [Id] WindowsEditor(7,AT-X207-PC09) [Debug] 1 [PackageName] WindowsEditor [ProjectName] Editor" joined multi-casting on [225.0.0.222:54997]...

Player connection [19092] Host "[IP] 192.168.222.109 [Port] 0 [Flags] 2 [Guid] 3814070123 [EditorId] 3814070123 [Version] 1048832 [Id] WindowsEditor(7,AT-X207-PC09) [Debug] 1 [PackageName] WindowsEditor [ProjectName] Editor" joined alternative multi-casting on [225.0.0.222:34997]...

[Physics::Module] Initialized MultithreadedJobDispatcher with 19 workers.
Library Redirect Path: Library/Refreshing native plugins compatible for Editor in 19.17 ms, found 13 plugins.
Preloading 1 native plugins for Editor in 0.54 ms.
Initialize engine version: 2023.1.11f1 (fbf46ad88f3d)
[Subsystems] Discovering subsystems at path C:/Program Files/Unity 2023.1.11f1/Editor/Data/Resources/UnitySubsystems
[Subsystems] Discovering subsystems at path C:/Users/A00307309/OneDrive - TUS MM/2nd Year/Documents/GitHub/racoonSim/spaceApps/Assets
GfxDevice: creating device client; threaded=0; jobified=0
Direct3D:
    Version:  Direct3D 11.0 [level 11.1]
    Renderer: NVIDIA GeForce RTX 3080 (ID=0x2216)
    Vendor:   NVIDIA
    VRAM:     10053 MB
    Driver:   32.0.15.5612
Initialize mono
Mono path[0] = 'C:/Program Files/Unity 2023.1.11f1/Editor/Data/Managed'
Mono path[1] = 'C:/Program Files/Unity 2023.1.11f1/Editor/Data/MonoBleedingEdge/lib/mono/unityjit-win32'
Mono config path = 'C:/Program Files/Unity 2023.1.11f1/Editor/Data/MonoBleedingEdge/etc'
Using monoOptions --debugger-agent=transport=dt_socket,embedding=1,server=y,suspend=n,address=127.0.0.1:56668
Begin MonoManager ReloadAssembly
C:\build\output\Unity-Technologies\mono\mono\metadata\icall.c:1842:
C:\build\output\Unity-Technologies\mono\mono\metadata\icall.c:1842:
C:\build\output\Unity-Technologies\mono\mono\metadata\icall.c:1842:
C:\build\output\Unity-Technologies\mono\mono\metadata\icall.c:1842:
C:\build\output\Unity-Technologies\mono\mono\metadata\icall.c:1842:
C:\build\output\Unity-Technologies\mono\mono\metadata\icall.c:1842:
C:\build\output\Unity-Technologies\mono\mono\metadata\icall.c:1842:
C:\build\output\Unity-Technologies\mono\mono\metadata\icall.c:1842:
C:\build\output\Unity-Technologies\mono\mono\metadata\icall.c:1842:
C:\build\output\Unity-Technologies\mono\mono\metadata\icall.c:1842:
Registering precompiled unity dll's ...
Register platform support module: C:/Program Files/Unity 2023.1.11f1/Editor/Data/PlaybackEngines/WindowsStandaloneSupport/UnityEditor.WindowsStandalone.Extensions.dll
Registered in 0.002896 seconds.
- Loaded All Assemblies, in  0.354 seconds
Native extension for WindowsStandalone target not found
Mono: successfully reloaded assembly
C:\build\output\Unity-Technologies\mono\mono\metadata\icall.c:1842:
C:\build\output\Unity-Technologies\mono\mono\metadata\icall.c:1842:
- Finished resetting the current domain, in  0.257 seconds
Domain Reload Profiling: 609ms
	BeginReloadAssembly (110ms)
		ExecutionOrderSort (0ms)
		DisableScriptedObjects (0ms)
		BackupInstance (0ms)
		ReleaseScriptingObjects (0ms)
		CreateAndSetChildDomain (1ms)
	RebuildCommonClasses (33ms)
	RebuildNativeTypeToScriptingClass (12ms)
	initialDomainReloadingComplete (43ms)
	LoadAllAssembliesAndSetupDomain (153ms)
		LoadAssemblies (108ms)
		RebuildTransferFunctionScriptingTraits (0ms)
		AnalyzeDomain (149ms)
			TypeCache.Refresh (148ms)
				TypeCache.ScanAssembly (135ms)
			ScanForSourceGeneratedMonoScriptInfo (0ms)
			ResolveRequiredComponents (0ms)
	FinalizeReload (258ms)
		ReleaseScriptCaches (0ms)
		RebuildScriptCaches (0ms)
		SetupLoadedEditorAssemblies (216ms)
			LogAssemblyErrors (0ms)
			InitializePlatformSupportModulesInManaged (7ms)
			SetLoadedEditorAssemblies (4ms)
			BeforeProcessingInitializeOnLoad (7ms)
			ProcessInitializeOnLoadAttributes (151ms)
			ProcessInitializeOnLoadMethodAttributes (47ms)
			AfterProcessingInitializeOnLoad (0ms)
			EditorAssembliesLoaded (0ms)
		ExecutionOrderSort2 (0ms)
		AwakeInstancesAfterBackupRestoration (0ms)
========================================================================
Worker process is ready to serve import requests
Import Worker Mode flag is 0x00
Begin MonoManager ReloadAssembly
C:\build\output\Unity-Technologies\mono\mono\metadata\icall.c:1842:
C:\build\output\Unity-Technologies\mono\mono\metadata\icall.c:1842:
C:\build\output\Unity-Technologies\mono\mono\metadata\icall.c:1842:
C:\build\output\Unity-Technologies\mono\mono\metadata\icall.c:1842:
C:\build\output\Unity-Technologies\mono\mono\metadata\icall.c:1842:
C:\build\output\Unity-Technologies\mono\mono\metadata\icall.c:1842:
C:\build\output\Unity-Technologies\mono\mono\metadata\icall.c:1842:
C:\build\output\Unity-Technologies\mono\mono\metadata\icall.c:1842:
C:\build\output\Unity-Technologies\mono\mono\metadata\icall.c:1842:
C:\build\output\Unity-Technologies\mono\mono\metadata\icall.c:1842:
C:\build\output\Unity-Technologies\mono\mono\metadata\icall.c:1842:
C:\build\output\Unity-Technologies\mono\mono\metadata\icall.c:1842:
Symbol file LoadedFromMemory doesn't match image C:\Users\A00307309\OneDrive - TUS MM\2nd Year\Documents\GitHub\racoonSim\spaceApps\Library\PackageCache\com.unity.visualscripting@1.8.0\Editor\VisualScripting.Core\Dependencies\YamlDotNet\Unity.VisualScripting.YamlDotNet.dll
Symbol file LoadedFromMemory doesn't match image C:\Users\A00307309\OneDrive - TUS MM\2nd Year\Documents\GitHub\racoonSim\spaceApps\Library\PackageCache\com.unity.visualscripting@1.8.0\Editor\VisualScripting.Core\Dependencies\DotNetZip\Unity.VisualScripting.IonicZip.dll
- Loaded All Assemblies, in  0.953 seconds
Refreshing native plugins compatible for Editor in 10.13 ms, found 13 plugins.
Native extension for WindowsStandalone target not found
Package Manager log level set to [2]
[Package Manager] Failed to launch server process. Reason: Unity was launched with the -noUpm command-line argument
[Package Manager] Unable to send message (not connected to server process).
[Package Manager] Cannot connect to Unity Package Manager local server
System.Reflection.TargetInvocationException: Exception has been thrown by the target of an invocation. ---> System.NullReferenceException: Object reference not set to an instance of an object
  at Unity.XR.Oculus.OculusLoader.AssetPathToAbsolutePath (System.String assetPath) [0x0003d] in .\Library\PackageCache\com.unity.xr.oculus@4.0.0\Runtime\OculusLoader.cs:282 
  at Unity.XR.Oculus.OculusLoader.EditorLoadOVRPlugin () [0x0007b] in .\Library\PackageCache\com.unity.xr.oculus@4.0.0\Runtime\OculusLoader.cs:267 
  at (wrapper managed-to-native) System.Reflection.RuntimeMethodInfo.InternalInvoke(System.Reflection.RuntimeMethodInfo,object,object[],System.Exception&)
  at System.Reflection.RuntimeMethodInfo.Invoke (System.Object obj, System.Reflection.BindingFlags invokeAttr, System.Reflection.Binder binder, System.Object[] parameters, System.Globalization.CultureInfo culture) [0x0006a] in <fb9cb1df970c4c34a7934ab4caf453a1>:0 
   --- End of inner exception stack trace ---
  at System.Reflection.RuntimeMethodInfo.Invoke (System.Object obj, System.Reflection.BindingFlags invokeAttr, System.Reflection.Binder binder, System.Object[] parameters, System.Globalization.CultureInfo culture) [0x00083] in <fb9cb1df970c4c34a7934ab4caf453a1>:0 
  at System.Reflection.MethodBase.Invoke (System.Object obj, System.Object[] parameters) [0x00000] in <fb9cb1df970c4c34a7934ab4caf453a1>:0 
  at UnityEditor.EditorAssemblies.ProcessInitializeOnLoadMethodAttributes () [0x00056] in <5e6df13d0148423f903ca18fc500b90b>:0 
UnityEngine.StackTraceUtility:ExtractStackTrace ()
UnityEngine.DebugLogHandler:Internal_Log (UnityEngine.LogType,UnityEngine.LogOption,string,UnityEngine.Object)
UnityEngine.DebugLogHandler:LogFormat (UnityEngine.LogType,UnityEngine.Object,string,object[])
UnityEngine.Logger:Log (UnityEngine.LogType,object)
UnityEngine.Debug:LogError (object)
UnityEditor.EditorAssemblies:ProcessInitializeOnLoadMethodAttributes ()

Mono: successfully reloaded assembly
[Package Manager] Failed to launch server process. Reason: Unity was launched with the -noUpm command-line argument
[Package Manager] Unable to send message (not connected to server process).
[Package Manager] Cannot connect to Unity Package Manager local server
[Package Manager] Failed to launch server process. Reason: Unity was launched with the -noUpm command-line argument
[Package Manager] Unable to send message (not connected to server process).
[Package Manager] Cannot connect to Unity Package Manager local server
- Finished resetting the current domain, in  0.779 seconds
Domain Reload Profiling: 1728ms
	BeginReloadAssembly (277ms)
		ExecutionOrderSort (0ms)
		DisableScriptedObjects (5ms)
		BackupInstance (0ms)
		ReleaseScriptingObjects (0ms)
		CreateAndSetChildDomain (36ms)
	RebuildCommonClasses (34ms)
	RebuildNativeTypeToScriptingClass (12ms)
	initialDomainReloadingComplete (41ms)
	LoadAllAssembliesAndSetupDomain (586ms)
		LoadAssemblies (309ms)
		RebuildTransferFunctionScriptingTraits (0ms)
		AnalyzeDomain (358ms)
			TypeCache.Refresh (318ms)
				TypeCache.ScanAssembly (301ms)
			ScanForSourceGeneratedMonoScriptInfo (26ms)
			ResolveRequiredComponents (14ms)
	FinalizeReload (780ms)
		ReleaseScriptCaches (0ms)
		RebuildScriptCaches (0ms)
		SetupLoadedEditorAssemblies (492ms)
			LogAssemblyErrors (0ms)
			InitializePlatformSupportModulesInManaged (5ms)
			SetLoadedEditorAssemblies (3ms)
			BeforeProcessingInitializeOnLoad (88ms)
			ProcessInitializeOnLoadAttributes (340ms)
			ProcessInitializeOnLoadMethodAttributes (51ms)
			AfterProcessingInitializeOnLoad (4ms)
			EditorAssembliesLoaded (0ms)
		ExecutionOrderSort2 (0ms)
		AwakeInstancesAfterBackupRestoration (7ms)
Launched and connected shader compiler UnityShaderCompiler.exe after 0.01 seconds
Refreshing native plugins compatible for Editor in 14.75 ms, found 13 plugins.
Preloading 1 native plugins for Editor in 0.07 ms.
Unloading 6308 Unused Serialized files (Serialized files now loaded: 0)
Unloading 119 unused Assets / (1.5 MB). Loaded Objects now: 6862.
Memory consumption went from 251.5 MB to 250.0 MB.
Total: 7.783300 ms (FindLiveObjects: 0.777500 ms CreateObjectMapping: 0.746000 ms MarkObjects: 5.642600 ms  DeleteObjects: 0.616200 ms)

AssetImportParameters requested are different than current active one (requested -> active):
  custom:video-decoder-webm-vp8: 9c59270c3fd7afecdb556c50c9e8de78 -> 
  custom:SearchIndexIgnoredProperties: e643bd26f0fe6173181afceb89e7c659 -> 
  custom:audio-encoder-webm-vorbis: bf7c407c2cedff20999df2af8eb42d56 -> 
  custom:AudioImporter_EditorPlatform: d09bf68614088b80899f8185d706f6e7 -> 
  custom:audio-decoder-ogg-vorbis: bf7c407c2cedff20999df2af8eb42d56 -> 
  custom:video-encoder-webm-vp8: eb34c28f22e8b96e1ab97ce403110664 -> 
  custom:container-demuxer-ogg: 62fdf1f143b41e24485cea50d1cbac27 -> 
  custom:framework-win-MediaFoundation: 216162199b28c13a410421893ffa2e32 -> 
  custom:video-decoder-ogg-theora: a1e56fd34408186e4bbccfd4996cb3dc -> 
  custom:container-muxer-webm: aa71ff27fc2769a1b78a27578f13a17b -> 
  custom:CustomObjectIndexerAttribute: a3ef5dd2817f97addfee359851a9dba5 -> 
  custom:container-demuxer-webm: 4f35f7cbe854078d1ac9338744f61a02 -> 
========================================================================
Received Import Request.
  Time since last request: 87271.400631 seconds.
  path: Assets/Start
  artifactKey: Guid(dd06a98cd711b0c429a38b524933c29d) Importer(815301076,1909f56bfc062723c751e8b465ee728b)
Start importing Assets/Start using Guid(dd06a98cd711b0c429a38b524933c29d) Importer(815301076,1909f56bfc062723c751e8b465ee728b)  -> (artifact id: '1a9a02acfac3295d815fb2214a778434') in 0.002505 seconds
Number of updated asset objects reloaded before import = 0
Number of asset objects unloaded after import = 0
========================================================================
Received Import Request.
  Time since last request: 5.967333 seconds.
  path: Assets/Start/Samples
  artifactKey: Guid(4651d57bfc2e1db4d85351a03df2e36e) Importer(815301076,1909f56bfc062723c751e8b465ee728b)
Start importing Assets/Start/Samples using Guid(4651d57bfc2e1db4d85351a03df2e36e) Importer(815301076,1909f56bfc062723c751e8b465ee728b)  -> (artifact id: '3e017c05e4a4f04b9391f3ec0b1f9cd3') in 0.000528 seconds
Number of updated asset objects reloaded before import = 0
Number of asset objects unloaded after import = 0
========================================================================
Received Import Request.
  Time since last request: 0.947270 seconds.
  path: Assets/Start/Samples/XR Interaction Toolkit
  artifactKey: Guid(5120770ff687c374aa59fe72729baf4c) Importer(815301076,1909f56bfc062723c751e8b465ee728b)
Start importing Assets/Start/Samples/XR Interaction Toolkit using Guid(5120770ff687c374aa59fe72729baf4c) Importer(815301076,1909f56bfc062723c751e8b465ee728b)  -> (artifact id: '969ca70d718b14d1449caa1cbd5a027c') in 0.000542 seconds
Number of updated asset objects reloaded before import = 0
Number of asset objects unloaded after import = 0
========================================================================
Received Import Request.
  Time since last request: 0.765772 seconds.
  path: Assets/Start/Samples/XR Interaction Toolkit/2.3.2
  artifactKey: Guid(ada87694e891ce14ca068e2918488975) Importer(815301076,1909f56bfc062723c751e8b465ee728b)
Start importing Assets/Start/Samples/XR Interaction Toolkit/2.3.2 using Guid(ada87694e891ce14ca068e2918488975) Importer(815301076,1909f56bfc062723c751e8b465ee728b)  -> (artifact id: '09a334421f546a3687fee757f23439f1') in 0.000573 seconds
Number of updated asset objects reloaded before import = 0
Number of asset objects unloaded after import = 0
========================================================================
Received Import Request.
  Time since last request: 0.839596 seconds.
  path: Assets/Start/Samples/XR Interaction Toolkit/2.3.2/Starter Assets
  artifactKey: Guid(057db3c930895884da217f5473e99bd1) Importer(815301076,1909f56bfc062723c751e8b465ee728b)
Start importing Assets/Start/Samples/XR Interaction Toolkit/2.3.2/Starter Assets using Guid(057db3c930895884da217f5473e99bd1) Importer(815301076,1909f56bfc062723c751e8b465ee728b)  -> (artifact id: 'e651caf6c2799e35814cd4356ebb97e2') in 0.000542 seconds
Number of updated asset objects reloaded before import = 0
Number of asset objects unloaded after import = 0
========================================================================
Received Import Request.
  Time since last request: 0.573200 seconds.
  path: Assets/Start/Samples/XR Interaction Toolkit/2.3.2/Starter Assets/Prefabs
  artifactKey: Guid(426cea8602fdef04ca63db07b38c6287) Importer(815301076,1909f56bfc062723c751e8b465ee728b)
Start importing Assets/Start/Samples/XR Interaction Toolkit/2.3.2/Starter Assets/Prefabs using Guid(426cea8602fdef04ca63db07b38c6287) Importer(815301076,1909f56bfc062723c751e8b465ee728b)  -> (artifact id: '5adf602a8eb95b4c69bf65ca133efb10') in 0.000548 seconds
Number of updated asset objects reloaded before import = 0
Number of asset objects unloaded after import = 0
========================================================================
Received Import Request.
  Time since last request: 0.052979 seconds.
  path: Assets/Start/Samples/XR Interaction Toolkit/2.3.2/Starter Assets/Prefabs/Complete XR Origin Set Up.prefab
  artifactKey: Guid(df4c255c0cc47f344bac090004a16565) Importer(815301076,1909f56bfc062723c751e8b465ee728b)
Start importing Assets/Start/Samples/XR Interaction Toolkit/2.3.2/Starter Assets/Prefabs/Complete XR Origin Set Up.prefab using Guid(df4c255c0cc47f344bac090004a16565) Importer(815301076,1909f56bfc062723c751e8b465ee728b)  -> (artifact id: 'b0237959f31cb9458f3271bffab19ba6') in 0.311663 seconds
Number of updated asset objects reloaded before import = 0
Number of asset objects unloaded after import = 323
========================================================================
Received Import Request.
  Time since last request: 0.614011 seconds.
  path: Assets/Start/Samples/XR Interaction Toolkit/2.3.2/Starter Assets/Prefabs/XR Origin Pieces
  artifactKey: Guid(6d488d281a3e8bf4ebbe0f2e45cca949) Importer(815301076,1909f56bfc062723c751e8b465ee728b)
Start importing Assets/Start/Samples/XR Interaction Toolkit/2.3.2/Starter Assets/Prefabs/XR Origin Pieces using Guid(6d488d281a3e8bf4ebbe0f2e45cca949) Importer(815301076,1909f56bfc062723c751e8b465ee728b)  -> (artifact id: '0ff39de3205079b7c0d41cdc3f62ea28') in 0.000627 seconds
Number of updated asset objects reloaded before import = 0
Number of asset objects unloaded after import = 0
========================================================================
Received Import Request.
  Time since last request: 0.059608 seconds.
  path: Assets/Start/Samples/XR Interaction Toolkit/2.3.2/Starter Assets/Prefabs/XR Origin Pieces/XR Origin Preconfigured.prefab
  artifactKey: Guid(608982f3ec236ef46adcb3f3c4827e0a) Importer(815301076,1909f56bfc062723c751e8b465ee728b)
Start importing Assets/Start/Samples/XR Interaction Toolkit/2.3.2/Starter Assets/Prefabs/XR Origin Pieces/XR Origin Preconfigured.prefab using Guid(608982f3ec236ef46adcb3f3c4827e0a) Importer(815301076,1909f56bfc062723c751e8b465ee728b)  -> (artifact id: 'f328b22513cf7750a4bc92ae456f2691') in 0.034503 seconds
Number of updated asset objects reloaded before import = 0
Number of asset objects unloaded after import = 420
========================================================================
Received Import Request.
  Time since last request: 5.651846 seconds.
  path: Assets/Start/XRI_Examples
  artifactKey: Guid(91715f42f13431b4cbe26651362474e1) Importer(815301076,1909f56bfc062723c751e8b465ee728b)
Start importing Assets/Start/XRI_Examples using Guid(91715f42f13431b4cbe26651362474e1) Importer(815301076,1909f56bfc062723c751e8b465ee728b)  -> (artifact id: 'd4a8a5acd99d8a32e31cf8786e6bac0a') in 0.000670 seconds
Number of updated asset objects reloaded before import = 0
Number of asset objects unloaded after import = 0
========================================================================
Received Import Request.
  Time since last request: 1.325499 seconds.
  path: Assets/Start/XRI_Examples/Global
  artifactKey: Guid(dc61a4406368cc3409d08dcc4a681820) Importer(815301076,1909f56bfc062723c751e8b465ee728b)
Start importing Assets/Start/XRI_Examples/Global using Guid(dc61a4406368cc3409d08dcc4a681820) Importer(815301076,1909f56bfc062723c751e8b465ee728b)  -> (artifact id: '2ad68ff11e69d4d56ad7f539f8b4f49e') in 0.000539 seconds
Number of updated asset objects reloaded before import = 0
Number of asset objects unloaded after import = 0
========================================================================
Received Import Request.
  Time since last request: 87.215017 seconds.
  path: Assets/TextMesh Pro/Examples & Extras/Materials/Crate - Surface Shader Scene.mat
  artifactKey: Guid(e6b9b44320f4448d9d5e0ee634259966) Importer(815301076,1909f56bfc062723c751e8b465ee728b)
Start importing Assets/TextMesh Pro/Examples & Extras/Materials/Crate - Surface Shader Scene.mat using Guid(e6b9b44320f4448d9d5e0ee634259966) Importer(815301076,1909f56bfc062723c751e8b465ee728b)  -> (artifact id: 'e17deecf974c99e0322caa71c23af837') in 0.045697 seconds
Number of updated asset objects reloaded before import = 0
Number of asset objects unloaded after import = 4
========================================================================
Received Import Request.
  Time since last request: 0.017010 seconds.
  path: Assets/TextMesh Pro/Examples & Extras/Textures/Text Overflow - Linked Text UI Screenshot.png
  artifactKey: Guid(c76d18757a194d618355f05f815cb0a1) Importer(815301076,1909f56bfc062723c751e8b465ee728b)
Start importing Assets/TextMesh Pro/Examples & Extras/Textures/Text Overflow - Linked Text UI Screenshot.png using Guid(c76d18757a194d618355f05f815cb0a1) Importer(815301076,1909f56bfc062723c751e8b465ee728b)  -> (artifact id: 'd427c0585510398754a34181830449e3') in 0.031226 seconds
Number of updated asset objects reloaded before import = 0
Number of asset objects unloaded after import = 2
========================================================================
Received Import Request.
  Time since last request: 4.702802 seconds.
  path: Assets/TextMesh Pro/Examples & Extras/Scenes
  artifactKey: Guid(db1090641b3241f6995b587eb21637bc) Importer(815301076,1909f56bfc062723c751e8b465ee728b)
Start importing Assets/TextMesh Pro/Examples & Extras/Scenes using Guid(db1090641b3241f6995b587eb21637bc) Importer(815301076,1909f56bfc062723c751e8b465ee728b)  -> (artifact id: '41c33e18c8379b8ffecbe88007221d81') in 0.000620 seconds
Number of updated asset objects reloaded before import = 0
Number of asset objects unloaded after import = 0
========================================================================
Received Import Request.
  Time since last request: 5.612513 seconds.
  path: Assets/Mars Landscape 3D/Scenes
  artifactKey: Guid(74f25c82dee874f13a23de67cdb2f576) Importer(815301076,1909f56bfc062723c751e8b465ee728b)
Start importing Assets/Mars Landscape 3D/Scenes using Guid(74f25c82dee874f13a23de67cdb2f576) Importer(815301076,1909f56bfc062723c751e8b465ee728b)  -> (artifact id: '79ffbdc53761cb341733ef0467d955ff') in 0.000556 seconds
Number of updated asset objects reloaded before import = 0
Number of asset objects unloaded after import = 0
========================================================================
Received Import Request.
  Time since last request: 72.937841 seconds.
  path: Packages/com.unity.timeline/Editor/StyleSheets/Images/DarkSkin/TimelineStartPlayback.png
  artifactKey: Guid(5060c9f9eb2f7ee4695b638a21d8fe01) Importer(815301076,1909f56bfc062723c751e8b465ee728b)
Start importing Packages/com.unity.timeline/Editor/StyleSheets/Images/DarkSkin/TimelineStartPlayback.png using Guid(5060c9f9eb2f7ee4695b638a21d8fe01) Importer(815301076,1909f56bfc062723c751e8b465ee728b)  -> (artifact id: '7817e11c5e43bf5ded41e1ceeceac4b1') in 0.019927 seconds
Number of updated asset objects reloaded before import = 0
Number of asset objects unloaded after import = 2
========================================================================
Received Import Request.
  Time since last request: 2666.067770 seconds.
  path: Assets/Start/Samples/XR Interaction Toolkit/2.3.2/Starter Assets/Prefabs/Complete XR Origin Set Up.prefab
  artifactKey: Guid(cebd5b607451d53439f37f4be8dd9603) Importer(815301076,1909f56bfc062723c751e8b465ee728b)
Start importing Assets/Start/Samples/XR Interaction Toolkit/2.3.2/Starter Assets/Prefabs/Complete XR Origin Set Up.prefab using Guid(cebd5b607451d53439f37f4be8dd9603) Importer(815301076,1909f56bfc062723c751e8b465ee728b)  -> (artifact id: '10b6bfdfe5397efb53a7b0be649bf2c7') in 0.035086 seconds
Number of updated asset objects reloaded before import = 0
Number of asset objects unloaded after import = 596
========================================================================
Received Import Request.
  Time since last request: 1.105234 seconds.
  path: Assets/Start/Samples/XR Interaction Toolkit/2.3.2/Starter Assets/Prefabs/XR Origin Pieces/XR Origin Preconfigured.prefab
  artifactKey: Guid(76ba6584f8f23d24a975364a131c13ef) Importer(815301076,1909f56bfc062723c751e8b465ee728b)
Start importing Assets/Start/Samples/XR Interaction Toolkit/2.3.2/Starter Assets/Prefabs/XR Origin Pieces/XR Origin Preconfigured.prefab using Guid(76ba6584f8f23d24a975364a131c13ef) Importer(815301076,1909f56bfc062723c751e8b465ee728b)  -> (artifact id: '48ecaf06293dca9e5370c6959e4c647c') in 0.031089 seconds
Number of updated asset objects reloaded before import = 0
Number of asset objects unloaded after import = 420
========================================================================
Received Import Request.
  Time since last request: 14.451337 seconds.
  path: Assets/Start/XRI_Examples/Global/Prefabs
  artifactKey: Guid(967f7b3f45f15ff4dafec93282f07f84) Importer(815301076,1909f56bfc062723c751e8b465ee728b)
Start importing Assets/Start/XRI_Examples/Global/Prefabs using Guid(967f7b3f45f15ff4dafec93282f07f84) Importer(815301076,1909f56bfc062723c751e8b465ee728b)  -> (artifact id: '5467cd165771296c064e1dedf9ad2980') in 0.000668 seconds
Number of updated asset objects reloaded before import = 0
Number of asset objects unloaded after import = 0
========================================================================
Received Import Request.
  Time since last request: 0.306284 seconds.
  path: Assets/Start/XRI_Examples/Global/Prefabs/Complete XR Origin Set Up Variant.prefab
  artifactKey: Guid(4e660da2419d1614198b2c073ddf863d) Importer(815301076,1909f56bfc062723c751e8b465ee728b)
Start importing Assets/Start/XRI_Examples/Global/Prefabs/Complete XR Origin Set Up Variant.prefab using Guid(4e660da2419d1614198b2c073ddf863d) Importer(815301076,1909f56bfc062723c751e8b465ee728b)  -> (artifact id: 'bcd1a0c3e65dcd1ace0a6374ea89735e') in 0.042357 seconds
Number of updated asset objects reloaded before import = 0
Number of asset objects unloaded after import = 851
========================================================================
Received Import Request.
  Time since last request: 0.000028 seconds.
  path: Assets/Start/XRI_Examples/Global/Prefabs/TeleportReticle.prefab
  artifactKey: Guid(793b2aadc75f59f4aa96f7218341cde7) Importer(815301076,1909f56bfc062723c751e8b465ee728b)
Start importing Assets/Start/XRI_Examples/Global/Prefabs/TeleportReticle.prefab using Guid(793b2aadc75f59f4aa96f7218341cde7) Importer(815301076,1909f56bfc062723c751e8b465ee728b)  -> (artifact id: 'b8e302c23dc39f9c3b931b31fd8fd3ee') in 0.017195 seconds
Number of updated asset objects reloaded before import = 0
Number of asset objects unloaded after import = 17
========================================================================
Received Import Request.
  Time since last request: 0.000024 seconds.
  path: Assets/Start/XRI_Examples/Global/Prefabs/TeleportAnchor.prefab
  artifactKey: Guid(69bcbe8a3c723a8459bad61946074109) Importer(815301076,1909f56bfc062723c751e8b465ee728b)
Start importing Assets/Start/XRI_Examples/Global/Prefabs/TeleportAnchor.prefab using Guid(69bcbe8a3c723a8459bad61946074109) Importer(815301076,1909f56bfc062723c751e8b465ee728b)  -> (artifact id: 'ac2fc084f7f0f962093186c6fc8b1668') in 0.873192 seconds
Number of updated asset objects reloaded before import = 0
Number of asset objects unloaded after import = 12
========================================================================
Received Import Request.
  Time since last request: 2.558519 seconds.
  path: Assets/Start/XRI_Examples/Global/Models
  artifactKey: Guid(a458fb9f1c3c6a848b7641e8c2b433e8) Importer(815301076,1909f56bfc062723c751e8b465ee728b)
Start importing Assets/Start/XRI_Examples/Global/Models using Guid(a458fb9f1c3c6a848b7641e8c2b433e8) Importer(815301076,1909f56bfc062723c751e8b465ee728b)  -> (artifact id: '4f33f5300ee414a8f81268b474764150') in 0.000680 seconds
Number of updated asset objects reloaded before import = 0
Number of asset objects unloaded after import = 0
========================================================================
Received Import Request.
  Time since last request: 0.055271 seconds.
  path: Assets/Start/XRI_Examples/Global/Models/TeleportReticle.fbx
  artifactKey: Guid(4ab9a3d003f58ce42b2def68a05c7b92) Importer(815301076,1909f56bfc062723c751e8b465ee728b)
Start importing Assets/Start/XRI_Examples/Global/Models/TeleportReticle.fbx using Guid(4ab9a3d003f58ce42b2def68a05c7b92) Importer(815301076,1909f56bfc062723c751e8b465ee728b)  -> (artifact id: '397de54aa6d0a85926ba16cbea318969') in 0.044074 seconds
Number of updated asset objects reloaded before import = 0
Number of asset objects unloaded after import = 9
========================================================================
Received Prepare
Begin MonoManager ReloadAssembly
C:\build\output\Unity-Technologies\mono\mono\metadata\icall.c:1842:
C:\build\output\Unity-Technologies\mono\mono\metadata\icall.c:1842:
C:\build\output\Unity-Technologies\mono\mono\metadata\icall.c:1842:
C:\build\output\Unity-Technologies\mono\mono\metadata\icall.c:1842:
C:\build\output\Unity-Technologies\mono\mono\metadata\icall.c:1842:
C:\build\output\Unity-Technologies\mono\mono\metadata\icall.c:1842:
C:\build\output\Unity-Technologies\mono\mono\metadata\icall.c:1842:
C:\build\output\Unity-Technologies\mono\mono\metadata\icall.c:1842:
C:\build\output\Unity-Technologies\mono\mono\metadata\icall.c:1842:
C:\build\output\Unity-Technologies\mono\mono\metadata\icall.c:1842:
C:\build\output\Unity-Technologies\mono\mono\metadata\icall.c:1842:
C:\build\output\Unity-Technologies\mono\mono\metadata\icall.c:1842:
Symbol file LoadedFromMemory doesn't match image C:\Users\A00307309\OneDrive - TUS MM\2nd Year\Documents\GitHub\racoonSim\spaceApps\Library\PackageCache\com.unity.visualscripting@1.8.0\Editor\VisualScripting.Core\Dependencies\YamlDotNet\Unity.VisualScripting.YamlDotNet.dll
Symbol file LoadedFromMemory doesn't match image C:\Users\A00307309\OneDrive - TUS MM\2nd Year\Documents\GitHub\racoonSim\spaceApps\Library\PackageCache\com.unity.visualscripting@1.8.0\Editor\VisualScripting.Core\Dependencies\DotNetZip\Unity.VisualScripting.IonicZip.dll
- Loaded All Assemblies, in  0.877 seconds
Refreshing native plugins compatible for Editor in 10.00 ms, found 13 plugins.
Native extension for WindowsStandalone target not found
[Package Manager] Failed to launch server process. Reason: Unity was launched with the -noUpm command-line argument
[Package Manager] Unable to send message (not connected to server process).
[Package Manager] Cannot connect to Unity Package Manager local server
System.Reflection.TargetInvocationException: Exception has been thrown by the target of an invocation. ---> System.NullReferenceException: Object reference not set to an instance of an object
  at Unity.XR.Oculus.OculusLoader.AssetPathToAbsolutePath (System.String assetPath) [0x0003d] in .\Library\PackageCache\com.unity.xr.oculus@4.0.0\Runtime\OculusLoader.cs:282 
  at Unity.XR.Oculus.OculusLoader.EditorLoadOVRPlugin () [0x0007b] in .\Library\PackageCache\com.unity.xr.oculus@4.0.0\Runtime\OculusLoader.cs:267 
  at (wrapper managed-to-native) System.Reflection.RuntimeMethodInfo.InternalInvoke(System.Reflection.RuntimeMethodInfo,object,object[],System.Exception&)
  at System.Reflection.RuntimeMethodInfo.Invoke (System.Object obj, System.Reflection.BindingFlags invokeAttr, System.Reflection.Binder binder, System.Object[] parameters, System.Globalization.CultureInfo culture) [0x0006a] in <fb9cb1df970c4c34a7934ab4caf453a1>:0 
   --- End of inner exception stack trace ---
  at System.Reflection.RuntimeMethodInfo.Invoke (System.Object obj, System.Reflection.BindingFlags invokeAttr, System.Reflection.Binder binder, System.Object[] parameters, System.Globalization.CultureInfo culture) [0x00083] in <fb9cb1df970c4c34a7934ab4caf453a1>:0 
  at System.Reflection.MethodBase.Invoke (System.Object obj, System.Object[] parameters) [0x00000] in <fb9cb1df970c4c34a7934ab4caf453a1>:0 
  at UnityEditor.EditorAssemblies.ProcessInitializeOnLoadMethodAttributes () [0x00056] in <5e6df13d0148423f903ca18fc500b90b>:0 
UnityEngine.StackTraceUtility:ExtractStackTrace ()
UnityEngine.DebugLogHandler:Internal_Log (UnityEngine.LogType,UnityEngine.LogOption,string,UnityEngine.Object)
UnityEngine.DebugLogHandler:LogFormat (UnityEngine.LogType,UnityEngine.Object,string,object[])
UnityEngine.Logger:Log (UnityEngine.LogType,object)
UnityEngine.Debug:LogError (object)
UnityEditor.EditorAssemblies:ProcessInitializeOnLoadMethodAttributes ()

Mono: successfully reloaded assembly
[Package Manager] Failed to launch server process. Reason: Unity was launched with the -noUpm command-line argument
[Package Manager] Unable to send message (not connected to server process).
[Package Manager] Cannot connect to Unity Package Manager local server
- Finished resetting the current domain, in  1.215 seconds
Domain Reload Profiling: 2088ms
	BeginReloadAssembly (241ms)
		ExecutionOrderSort (0ms)
		DisableScriptedObjects (13ms)
		BackupInstance (0ms)
		ReleaseScriptingObjects (0ms)
		CreateAndSetChildDomain (94ms)
	RebuildCommonClasses (33ms)
	RebuildNativeTypeToScriptingClass (13ms)
	initialDomainReloadingComplete (27ms)
	LoadAllAssembliesAndSetupDomain (559ms)
		LoadAssemblies (302ms)
		RebuildTransferFunctionScriptingTraits (0ms)
		AnalyzeDomain (345ms)
			TypeCache.Refresh (330ms)
				TypeCache.ScanAssembly (308ms)
			ScanForSourceGeneratedMonoScriptInfo (0ms)
			ResolveRequiredComponents (14ms)
	FinalizeReload (1215ms)
		ReleaseScriptCaches (0ms)
		RebuildScriptCaches (0ms)
		SetupLoadedEditorAssemblies (453ms)
			LogAssemblyErrors (0ms)
			InitializePlatformSupportModulesInManaged (5ms)
			SetLoadedEditorAssemblies (3ms)
			BeforeProcessingInitializeOnLoad (93ms)
			ProcessInitializeOnLoadAttributes (306ms)
			ProcessInitializeOnLoadMethodAttributes (41ms)
			AfterProcessingInitializeOnLoad (4ms)
			EditorAssembliesLoaded (0ms)
		ExecutionOrderSort2 (0ms)
		AwakeInstancesAfterBackupRestoration (15ms)
Refreshing native plugins compatible for Editor in 9.71 ms, found 13 plugins.
Preloading 1 native plugins for Editor in 0.07 ms.
Unloading 6119 Unused Serialized files (Serialized files now loaded: 0)
Unloading 80 unused Assets / (1.5 MB). Loaded Objects now: 6960.
Memory consumption went from 221.7 MB to 220.2 MB.
Total: 6.199300 ms (FindLiveObjects: 0.594700 ms CreateObjectMapping: 0.564700 ms MarkObjects: 4.500800 ms  DeleteObjects: 0.538100 ms)

Prepare: number of updated asset objects reloaded= 36
AssetImportParameters requested are different than current active one (requested -> active):
  custom:video-decoder-webm-vp8: 9c59270c3fd7afecdb556c50c9e8de78 -> 
  custom:SearchIndexIgnoredProperties: e643bd26f0fe6173181afceb89e7c659 -> 
  custom:audio-encoder-webm-vorbis: bf7c407c2cedff20999df2af8eb42d56 -> 
  custom:AudioImporter_EditorPlatform: d09bf68614088b80899f8185d706f6e7 -> 
  custom:audio-decoder-ogg-vorbis: bf7c407c2cedff20999df2af8eb42d56 -> 
  custom:video-encoder-webm-vp8: eb34c28f22e8b96e1ab97ce403110664 -> 
  custom:container-demuxer-ogg: 62fdf1f143b41e24485cea50d1cbac27 -> 
  custom:framework-win-MediaFoundation: 216162199b28c13a410421893ffa2e32 -> 
  custom:video-decoder-ogg-theora: a1e56fd34408186e4bbccfd4996cb3dc -> 
  custom:container-muxer-webm: aa71ff27fc2769a1b78a27578f13a17b -> 
  custom:CustomObjectIndexerAttribute: a3ef5dd2817f97addfee359851a9dba5 -> 
  custom:container-demuxer-webm: 4f35f7cbe854078d1ac9338744f61a02 -> 
========================================================================
Received Import Request.
  Time since last request: 937.942706 seconds.
  path: Assets/XRI_Examples/Props/Models/Candle_Small_Round.fbx
  artifactKey: Guid(44bf690a21e07544387a76c04371e784) Importer(815301076,1909f56bfc062723c751e8b465ee728b)
Start importing Assets/XRI_Examples/Props/Models/Candle_Small_Round.fbx using Guid(44bf690a21e07544387a76c04371e784) Importer(815301076,1909f56bfc062723c751e8b465ee728b)  -> (artifact id: 'd62fe13d40d52ba8602dbb386b4625ac') in 0.361667 seconds
Number of updated asset objects reloaded before import = 0
Number of asset objects unloaded after import = 31
========================================================================
Received Import Request.
  Time since last request: 0.000026 seconds.
  path: Assets/XRI_Examples/Environment/Materials/CloudSphere.mat
  artifactKey: Guid(d7c6b50ecf0a47546bc8ae61cc2ed0a7) Importer(815301076,1909f56bfc062723c751e8b465ee728b)
Start importing Assets/XRI_Examples/Environment/Materials/CloudSphere.mat using Guid(d7c6b50ecf0a47546bc8ae61cc2ed0a7) Importer(815301076,1909f56bfc062723c751e8b465ee728b)  -> (artifact id: '68efe10be97f06a48099f7444f218d07') in 0.415639 seconds
Number of updated asset objects reloaded before import = 0
Number of asset objects unloaded after import = 4
========================================================================
Received Import Request.
  Time since last request: 0.000031 seconds.
  path: Assets/XRI_Examples/Props/Materials/Candle_Small_Round_Gray.mat
  artifactKey: Guid(c9b60ee12bcc9994fbbda85f64ea938c) Importer(815301076,1909f56bfc062723c751e8b465ee728b)
Start importing Assets/XRI_Examples/Props/Materials/Candle_Small_Round_Gray.mat using Guid(c9b60ee12bcc9994fbbda85f64ea938c) Importer(815301076,1909f56bfc062723c751e8b465ee728b)  -> (artifact id: 'd01799fc677ebf4be6445a56136fae1b') in 0.016275 seconds
Number of updated asset objects reloaded before import = 0
Number of asset objects unloaded after import = 3
========================================================================
Received Import Request.
  Time since last request: 0.000024 seconds.
  path: Assets/Plugins/Oculus Hands/Materials/Blue Simple Lit.mat
  artifactKey: Guid(3637b758ff163493f8bb8b6d7e96d7ae) Importer(815301076,1909f56bfc062723c751e8b465ee728b)
Start importing Assets/Plugins/Oculus Hands/Materials/Blue Simple Lit.mat using Guid(3637b758ff163493f8bb8b6d7e96d7ae) Importer(815301076,1909f56bfc062723c751e8b465ee728b)  -> (artifact id: '7f5d1efd95b06160c63cdc1f0d958756') in 0.876004 seconds
Number of updated asset objects reloaded before import = 0
Number of asset objects unloaded after import = 2
========================================================================
Received Import Request.
  Time since last request: 0.000027 seconds.
  path: Assets/XRI_Examples/Props/Materials/Dirt.mat
  artifactKey: Guid(f78e805b93b93184a873ada959743ec2) Importer(815301076,1909f56bfc062723c751e8b465ee728b)
Start importing Assets/XRI_Examples/Props/Materials/Dirt.mat using Guid(f78e805b93b93184a873ada959743ec2) Importer(815301076,1909f56bfc062723c751e8b465ee728b)  -> (artifact id: 'cda2a78698a4580f03305d7d20552c13') in 0.376096 seconds
Number of updated asset objects reloaded before import = 0
Number of asset objects unloaded after import = 2
========================================================================
Received Import Request.
  Time since last request: 0.000036 seconds.
  path: Assets/Fonts/the_bold_font/THEBOLDFONT.ttf
  artifactKey: Guid(316c2c10ce80a1b4a893c1a30133af86) Importer(815301076,1909f56bfc062723c751e8b465ee728b)
Start importing Assets/Fonts/the_bold_font/THEBOLDFONT.ttf using Guid(316c2c10ce80a1b4a893c1a30133af86) Importer(815301076,1909f56bfc062723c751e8b465ee728b)  -> (artifact id: 'daf221cb8ca4082d7b6a56ebb6f27216') in 0.024026 seconds
Number of updated asset objects reloaded before import = 0
Number of asset objects unloaded after import = 5
========================================================================
Received Import Request.
  Time since last request: 0.000025 seconds.
  path: Assets/TextMesh Pro/Examples & Extras/Resources/Fonts & Materials/Anton SDF - Outline.mat
  artifactKey: Guid(a00013af81304728b2be1f4309ee2433) Importer(815301076,1909f56bfc062723c751e8b465ee728b)
Start importing Assets/TextMesh Pro/Examples & Extras/Resources/Fonts & Materials/Anton SDF - Outline.mat using Guid(a00013af81304728b2be1f4309ee2433) Importer(815301076,1909f56bfc062723c751e8b465ee728b)  -> (artifact id: 'ee42677bd0e7186901ad2e856c1d2c75') in 0.057116 seconds
Number of updated asset objects reloaded before import = 0
Number of asset objects unloaded after import = 3
========================================================================
Received Import Request.
  Time since last request: 0.000029 seconds.
  path: Assets/XRI_Examples/Environment/Materials/Environment_White.mat
  artifactKey: Guid(b38d65a3c1c9b274584a7b0bb59bd3c6) Importer(815301076,1909f56bfc062723c751e8b465ee728b)
Start importing Assets/XRI_Examples/Environment/Materials/Environment_White.mat using Guid(b38d65a3c1c9b274584a7b0bb59bd3c6) Importer(815301076,1909f56bfc062723c751e8b465ee728b)  -> (artifact id: '9bcd88ac0e4bf3e3c2b1049967ce1756') in 0.014466 seconds
Number of updated asset objects reloaded before import = 0
Number of asset objects unloaded after import = 2
========================================================================
Received Import Request.
  Time since last request: 0.000027 seconds.
  path: Assets/Fonts/cocogoose/Cocogoose Pro-trial.ttf
  artifactKey: Guid(dfbb5b9c2cf244648bafe672b785a3e6) Importer(815301076,1909f56bfc062723c751e8b465ee728b)
Start importing Assets/Fonts/cocogoose/Cocogoose Pro-trial.ttf using Guid(dfbb5b9c2cf244648bafe672b785a3e6) Importer(815301076,1909f56bfc062723c751e8b465ee728b)  -> (artifact id: '7ccdc91cc4a121b2cb8a3b734cc030b0') in 0.010468 seconds
Number of updated asset objects reloaded before import = 0
Number of asset objects unloaded after import = 5
========================================================================
Received Import Request.
  Time since last request: 0.000022 seconds.
  path: Assets/XRI_Examples/Physics/Materials/DoorSteel.mat
  artifactKey: Guid(8028ee57ccf14604e8b7896a20aea803) Importer(815301076,1909f56bfc062723c751e8b465ee728b)
Start importing Assets/XRI_Examples/Physics/Materials/DoorSteel.mat using Guid(8028ee57ccf14604e8b7896a20aea803) Importer(815301076,1909f56bfc062723c751e8b465ee728b)  -> (artifact id: '0c8007a45e6a362b62cb16b718886346') in 0.014626 seconds
Number of updated asset objects reloaded before import = 0
Number of asset objects unloaded after import = 2
========================================================================
Received Import Request.
  Time since last request: 0.000024 seconds.
  path: Assets/XRI_Examples/Environment/Materials/DistantTerrain_01.mat
  artifactKey: Guid(ee508fbf0b9437d4283fdae347b66d80) Importer(815301076,1909f56bfc062723c751e8b465ee728b)
Start importing Assets/XRI_Examples/Environment/Materials/DistantTerrain_01.mat using Guid(ee508fbf0b9437d4283fdae347b66d80) Importer(815301076,1909f56bfc062723c751e8b465ee728b)  -> (artifact id: '82f29e24f3527ea586431a7e20e2d395') in 0.016629 seconds
Number of updated asset objects reloaded before import = 0
Number of asset objects unloaded after import = 2
========================================================================
Received Import Request.
  Time since last request: 0.000024 seconds.
  path: Assets/XRI_Examples/UI_3D/Materials/Controls_Black.mat
  artifactKey: Guid(c3ca319dc8c9a404ebb7c4f883217b44) Importer(815301076,1909f56bfc062723c751e8b465ee728b)
Start importing Assets/XRI_Examples/UI_3D/Materials/Controls_Black.mat using Guid(c3ca319dc8c9a404ebb7c4f883217b44) Importer(815301076,1909f56bfc062723c751e8b465ee728b)  -> (artifact id: 'c8f1b8da1bdc89f97537c365223bf31a') in 0.014923 seconds
Number of updated asset objects reloaded before import = 0
Number of asset objects unloaded after import = 2
========================================================================
Received Import Request.
  Time since last request: 0.000028 seconds.
  path: Assets/Fonts/roboto/Roboto-Light.ttf
  artifactKey: Guid(bebe6c50a9560924db4d139b1e66f485) Importer(815301076,1909f56bfc062723c751e8b465ee728b)
Start importing Assets/Fonts/roboto/Roboto-Light.ttf using Guid(bebe6c50a9560924db4d139b1e66f485) Importer(815301076,1909f56bfc062723c751e8b465ee728b)  -> (artifact id: '0c74fb37625d9afa129f5045fcf9eb93') in 0.011773 seconds
Number of updated asset objects reloaded before import = 0
Number of asset objects unloaded after import = 5
========================================================================
Received Import Request.
  Time since last request: 0.000033 seconds.
  path: Assets/Fonts/lemon_milk/LEMONMILK-Regular.otf
  artifactKey: Guid(16a04eb2affeaf747a3ee4fb3510aaa8) Importer(815301076,1909f56bfc062723c751e8b465ee728b)
Start importing Assets/Fonts/lemon_milk/LEMONMILK-Regular.otf using Guid(16a04eb2affeaf747a3ee4fb3510aaa8) Importer(815301076,1909f56bfc062723c751e8b465ee728b)  -> (artifact id: 'fe67456df52d7bae1650a234b0f1ab94') in 0.011671 seconds
Number of updated asset objects reloaded before import = 0
Number of asset objects unloaded after import = 5
========================================================================
Received Import Request.
  Time since last request: 0.000024 seconds.
  path: Assets/XRI_Examples/Environment/Models/Architecture.fbx
  artifactKey: Guid(a907f2b5a5ce38d45a820402c49bc0bf) Importer(815301076,1909f56bfc062723c751e8b465ee728b)
Start importing Assets/XRI_Examples/Environment/Models/Architecture.fbx using Guid(a907f2b5a5ce38d45a820402c49bc0bf) Importer(815301076,1909f56bfc062723c751e8b465ee728b)  -> (artifact id: 'e53506ede507069d98f54dd062c85a0d') in 2.606508 seconds
Number of updated asset objects reloaded before import = 0
Number of asset objects unloaded after import = 84
========================================================================
Received Import Request.
  Time since last request: 0.000036 seconds.
  path: Assets/Fonts/cocogoose/Cocogoose Pro Italic-trial.ttf
  artifactKey: Guid(04ab5542bbb7ef349993824735c379fe) Importer(815301076,1909f56bfc062723c751e8b465ee728b)
Start importing Assets/Fonts/cocogoose/Cocogoose Pro Italic-trial.ttf using Guid(04ab5542bbb7ef349993824735c379fe) Importer(815301076,1909f56bfc062723c751e8b465ee728b)  -> (artifact id: '227163a8ea5ffed86d55c9f0ae9ba6f1') in 0.020879 seconds
Number of updated asset objects reloaded before import = 0
Number of asset objects unloaded after import = 5
========================================================================
Received Import Request.
  Time since last request: 0.000500 seconds.
  path: Assets/XRI_Examples/VRWalkthrough/Materials/Blue.mat
  artifactKey: Guid(2c994d22a9398f64d9292e3849f59f92) Importer(815301076,1909f56bfc062723c751e8b465ee728b)
Start importing Assets/XRI_Examples/VRWalkthrough/Materials/Blue.mat using Guid(2c994d22a9398f64d9292e3849f59f92) Importer(815301076,1909f56bfc062723c751e8b465ee728b)  -> (artifact id: '56c16d1a052d1ece7db55a9429c73c92') in 0.052063 seconds
Number of updated asset objects reloaded before import = 0
Number of asset objects unloaded after import = 2
========================================================================
Received Import Request.
  Time since last request: 0.009343 seconds.
  path: Assets/TextMesh Pro/Examples & Extras/Resources/Fonts & Materials/Bangers SDF Logo.mat
  artifactKey: Guid(f4e195ac1e204eff960149d1cb34e18c) Importer(815301076,1909f56bfc062723c751e8b465ee728b)
Start importing Assets/TextMesh Pro/Examples & Extras/Resources/Fonts & Materials/Bangers SDF Logo.mat using Guid(f4e195ac1e204eff960149d1cb34e18c) Importer(815301076,1909f56bfc062723c751e8b465ee728b)  -> (artifact id: '5730845e4d128c7d9168cfe7113fb93a') in 0.023559 seconds
Number of updated asset objects reloaded before import = 0
Number of asset objects unloaded after import = 5
========================================================================
Received Import Request.
  Time since last request: 0.000044 seconds.
  path: Assets/Fonts/all_always/All Always SDF.asset
  artifactKey: Guid(adb21e45c96be20429a68f77fe0372bd) Importer(815301076,1909f56bfc062723c751e8b465ee728b)
Start importing Assets/Fonts/all_always/All Always SDF.asset using Guid(adb21e45c96be20429a68f77fe0372bd) Importer(815301076,1909f56bfc062723c751e8b465ee728b)  -> (artifact id: 'c7d2f343d73d1b74d37cc9df840fd1b5') in 0.052701 seconds
Number of updated asset objects reloaded before import = 0
Number of asset objects unloaded after import = 7
========================================================================
Received Import Request.
  Time since last request: 0.000034 seconds.
  path: Assets/Fonts/ananda_2/Ananda Personal Use.ttf
  artifactKey: Guid(5a99f7df757592d4bb3be295f8b23ce4) Importer(815301076,1909f56bfc062723c751e8b465ee728b)
Start importing Assets/Fonts/ananda_2/Ananda Personal Use.ttf using Guid(5a99f7df757592d4bb3be295f8b23ce4) Importer(815301076,1909f56bfc062723c751e8b465ee728b)  -> (artifact id: '2a556ef840d3249db3da19b37e2858d7') in 0.019574 seconds
Number of updated asset objects reloaded before import = 0
Number of asset objects unloaded after import = 5
========================================================================
Received Import Request.
  Time since last request: 0.014073 seconds.
  path: Assets/XRI_Examples/UI_2D/Fonts/Inter/Inter-Regular_SDF.asset
  artifactKey: Guid(f675742eaf9c20a4f909d78ee7a14fed) Importer(815301076,1909f56bfc062723c751e8b465ee728b)
Start importing Assets/XRI_Examples/UI_2D/Fonts/Inter/Inter-Regular_SDF.asset using Guid(f675742eaf9c20a4f909d78ee7a14fed) Importer(815301076,1909f56bfc062723c751e8b465ee728b)  -> (artifact id: 'bb0ed0f984d49f476555121d02eaad1d') in 0.042282 seconds
Number of updated asset objects reloaded before import = 0
Number of asset objects unloaded after import = 5
========================================================================
Received Import Request.
  Time since last request: 0.000097 seconds.
  path: Assets/XRI_Examples/Props/Models/Primitive_Pyramid.fbx
  artifactKey: Guid(2488f82ef2901504a9a3927396ab5291) Importer(815301076,1909f56bfc062723c751e8b465ee728b)
Start importing Assets/XRI_Examples/Props/Models/Primitive_Pyramid.fbx using Guid(2488f82ef2901504a9a3927396ab5291) Importer(815301076,1909f56bfc062723c751e8b465ee728b)  -> (artifact id: '1a1ec0f34b4b463fcc9487fbb6c3499b') in 0.043224 seconds
Number of updated asset objects reloaded before import = 0
Number of asset objects unloaded after import = 9
========================================================================
Received Import Request.
  Time since last request: 0.000032 seconds.
  path: Assets/Samples/XR Interaction Toolkit/2.4.3/Starter Assets/Models/Primitive_Cylinder.fbx
  artifactKey: Guid(9e1dc1c14313460d872de39e35129b39) Importer(815301076,1909f56bfc062723c751e8b465ee728b)
Start importing Assets/Samples/XR Interaction Toolkit/2.4.3/Starter Assets/Models/Primitive_Cylinder.fbx using Guid(9e1dc1c14313460d872de39e35129b39) Importer(815301076,1909f56bfc062723c751e8b465ee728b)  -> (artifact id: '1f64b96ff6e2efe21352465f6079aa01') in 0.060229 seconds
Number of updated asset objects reloaded before import = 0
Number of asset objects unloaded after import = 9
========================================================================
Received Import Request.
  Time since last request: 0.000034 seconds.
  path: Assets/3D Laboratory Environment with Appratus/Materials/Laboratory03_Other_01_BaseMap.mat
  artifactKey: Guid(a0b376915f4283c4e9db27aa35394b89) Importer(815301076,1909f56bfc062723c751e8b465ee728b)
Start importing Assets/3D Laboratory Environment with Appratus/Materials/Laboratory03_Other_01_BaseMap.mat using Guid(a0b376915f4283c4e9db27aa35394b89) Importer(815301076,1909f56bfc062723c751e8b465ee728b)  -> (artifact id: 'c247a0efb7cf054cd297b437056b42ad') in 1.564835 seconds
Number of updated asset objects reloaded before import = 0
Number of asset objects unloaded after import = 4
========================================================================
Received Import Request.
  Time since last request: 0.000041 seconds.
  path: Assets/XRI_Examples/Props/Materials/CandleFlame.mat
  artifactKey: Guid(0c74f5273cc3e2046b5a910aac12b59f) Importer(815301076,1909f56bfc062723c751e8b465ee728b)
Start importing Assets/XRI_Examples/Props/Materials/CandleFlame.mat using Guid(0c74f5273cc3e2046b5a910aac12b59f) Importer(815301076,1909f56bfc062723c751e8b465ee728b)  -> (artifact id: 'a479577382957d41b2899b85ee7e07d8') in 1.022959 seconds
Number of updated asset objects reloaded before import = 0
Number of asset objects unloaded after import = 3
========================================================================
Received Import Request.
  Time since last request: 11.118732 seconds.
  path: Assets/XRI_Examples/SocketInteractors/Materials/Machine_Black.mat
  artifactKey: Guid(415312fdf4fb76748b90cb0d2227e73e) Importer(815301076,1909f56bfc062723c751e8b465ee728b)
Start importing Assets/XRI_Examples/SocketInteractors/Materials/Machine_Black.mat using Guid(415312fdf4fb76748b90cb0d2227e73e) Importer(815301076,1909f56bfc062723c751e8b465ee728b)  -> (artifact id: '03b600774cc8a7d28e92f6cf3bd55c27') in 0.020349 seconds
Number of updated asset objects reloaded before import = 0
Number of asset objects unloaded after import = 2
========================================================================
Received Import Request.
  Time since last request: 0.010779 seconds.
  path: Assets/XRI_Examples/Environment/Shaders/CloudMap.shadergraph
  artifactKey: Guid(b89d4a224ec2eb244b46e92dbbf80a5e) Importer(815301076,1909f56bfc062723c751e8b465ee728b)
Start importing Assets/XRI_Examples/Environment/Shaders/CloudMap.shadergraph using Guid(b89d4a224ec2eb244b46e92dbbf80a5e) Importer(815301076,1909f56bfc062723c751e8b465ee728b)  -> (artifact id: '248586f5112f19f1e10b8a1e4a05d569') in 0.018217 seconds
Number of updated asset objects reloaded before import = 0
Number of asset objects unloaded after import = 3
========================================================================
Received Import Request.
  Time since last request: 0.312792 seconds.
  path: Assets/XRI_Examples/Environment/Shaders/Waterfall_Ripples.shadergraph
  artifactKey: Guid(a8c9ecf579a9ae541a0643588540b5b5) Importer(815301076,1909f56bfc062723c751e8b465ee728b)
Start importing Assets/XRI_Examples/Environment/Shaders/Waterfall_Ripples.shadergraph using Guid(a8c9ecf579a9ae541a0643588540b5b5) Importer(815301076,1909f56bfc062723c751e8b465ee728b)  -> (artifact id: 'd0a3c66bd0f49d92a0217508f4e11808') in 0.019594 seconds
Number of updated asset objects reloaded before import = 0
Number of asset objects unloaded after import = 4
========================================================================
Received Import Request.
  Time since last request: 0.000024 seconds.
  path: Assets/XRI_Examples/ActivateInteractables/Materials/Megaphone_Black.mat
  artifactKey: Guid(2c44c9a7133826540943db286873dc9c) Importer(815301076,1909f56bfc062723c751e8b465ee728b)
Start importing Assets/XRI_Examples/ActivateInteractables/Materials/Megaphone_Black.mat using Guid(2c44c9a7133826540943db286873dc9c) Importer(815301076,1909f56bfc062723c751e8b465ee728b)  -> (artifact id: '7f862908601d3ec59951894eb857823d') in 0.022036 seconds
Number of updated asset objects reloaded before import = 0
Number of asset objects unloaded after import = 3
========================================================================
Received Import Request.
  Time since last request: 0.000038 seconds.
  path: Assets/XRI_Examples/ActivateInteractables/Materials/Megaphone_Red.mat
  artifactKey: Guid(e8b33a9380ca86740ad6652e93848afa) Importer(815301076,1909f56bfc062723c751e8b465ee728b)
Start importing Assets/XRI_Examples/ActivateInteractables/Materials/Megaphone_Red.mat using Guid(e8b33a9380ca86740ad6652e93848afa) Importer(815301076,1909f56bfc062723c751e8b465ee728b)  -> (artifact id: '87ce48b910ea2e86d1b3eadbc55be13c') in 0.017461 seconds
Number of updated asset objects reloaded before import = 0
Number of asset objects unloaded after import = 3
========================================================================
Received Import Request.
  Time since last request: 0.270097 seconds.
  path: Assets/3D Laboratory Environment with Appratus/Materials/New Material.mat
  artifactKey: Guid(2bece4266c1175a4faabdb2e7063f6fb) Importer(815301076,1909f56bfc062723c751e8b465ee728b)
Start importing Assets/3D Laboratory Environment with Appratus/Materials/New Material.mat using Guid(2bece4266c1175a4faabdb2e7063f6fb) Importer(815301076,1909f56bfc062723c751e8b465ee728b)  -> (artifact id: '97202e84a1e5a91eb55f18cffd712fe8') in 0.017878 seconds
Number of updated asset objects reloaded before import = 0
Number of asset objects unloaded after import = 2
========================================================================
Received Import Request.
  Time since last request: 0.000026 seconds.
  path: Assets/XRI_Examples/Setup/Models/LocomotionTable.fbx
  artifactKey: Guid(e036dba5a6004e84c933fea5c510aa33) Importer(815301076,1909f56bfc062723c751e8b465ee728b)
Start importing Assets/XRI_Examples/Setup/Models/LocomotionTable.fbx using Guid(e036dba5a6004e84c933fea5c510aa33) Importer(815301076,1909f56bfc062723c751e8b465ee728b)  -> (artifact id: '194cd8d9912e5dd043d11f6ec5e39b01') in 0.043525 seconds
Number of updated asset objects reloaded before import = 0
Number of asset objects unloaded after import = 9
========================================================================
Received Import Request.
  Time since last request: 0.000027 seconds.
  path: Assets/XRI_Examples/Props/Materials/Plant_Green_02.mat
  artifactKey: Guid(f2afe2812659ba345acc385cfdc80b81) Importer(815301076,1909f56bfc062723c751e8b465ee728b)
Start importing Assets/XRI_Examples/Props/Materials/Plant_Green_02.mat using Guid(f2afe2812659ba345acc385cfdc80b81) Importer(815301076,1909f56bfc062723c751e8b465ee728b)  -> (artifact id: 'ea60b9ace8bb05c5089a93e063d74a6b') in 0.017514 seconds
Number of updated asset objects reloaded before import = 0
Number of asset objects unloaded after import = 2
========================================================================
Received Import Request.
  Time since last request: 0.000032 seconds.
  path: Assets/XRI_Examples/SocketInteractors/Materials/Peg_Green.mat
  artifactKey: Guid(13fea913cc0bb08458bb75c2ea4b5fe8) Importer(815301076,1909f56bfc062723c751e8b465ee728b)
Start importing Assets/XRI_Examples/SocketInteractors/Materials/Peg_Green.mat using Guid(13fea913cc0bb08458bb75c2ea4b5fe8) Importer(815301076,1909f56bfc062723c751e8b465ee728b)  -> (artifact id: '2e0c31c17613ea477efb3438039757e1') in 0.019534 seconds
Number of updated asset objects reloaded before import = 0
Number of asset objects unloaded after import = 2
========================================================================
Received Import Request.
  Time since last request: 0.000028 seconds.
  path: Assets/XRI_Examples/Props/Materials/Plant_Green_01.mat
  artifactKey: Guid(6d3d8c2f1a0f27d4fa9ee303292ef682) Importer(815301076,1909f56bfc062723c751e8b465ee728b)
Start importing Assets/XRI_Examples/Props/Materials/Plant_Green_01.mat using Guid(6d3d8c2f1a0f27d4fa9ee303292ef682) Importer(815301076,1909f56bfc062723c751e8b465ee728b)  -> (artifact id: '8cf76fb43a45e42fe2e7c6cceca976c6') in 0.026583 seconds
Number of updated asset objects reloaded before import = 0
Number of asset objects unloaded after import = 2
========================================================================
Received Import Request.
  Time since last request: 0.000036 seconds.
  path: Assets/XRI_Examples/SocketInteractors/Materials/Peg_Yellow.mat
  artifactKey: Guid(3729cbbc6c56a154aba7a743857af238) Importer(815301076,1909f56bfc062723c751e8b465ee728b)
Start importing Assets/XRI_Examples/SocketInteractors/Materials/Peg_Yellow.mat using Guid(3729cbbc6c56a154aba7a743857af238) Importer(815301076,1909f56bfc062723c751e8b465ee728b)  -> (artifact id: '6df5ddb4a9a8ad17f469c3b78582b840') in 0.017337 seconds
Number of updated asset objects reloaded before import = 0
Number of asset objects unloaded after import = 2
========================================================================
Received Import Request.
  Time since last request: 0.000027 seconds.
  path: Assets/3D Laboratory Environment with Appratus/Models/roof light.fbx
  artifactKey: Guid(514ed45cae94daf4dbb5a0b44dc0ec69) Importer(815301076,1909f56bfc062723c751e8b465ee728b)
Start importing Assets/3D Laboratory Environment with Appratus/Models/roof light.fbx using Guid(514ed45cae94daf4dbb5a0b44dc0ec69) Importer(815301076,1909f56bfc062723c751e8b465ee728b)  -> (artifact id: '7bf282b67edb4f0b90cc06ea2c4f104f') in 0.026619 seconds
Number of updated asset objects reloaded before import = 0
Number of asset objects unloaded after import = 10
========================================================================
Received Import Request.
  Time since last request: 0.000028 seconds.
  path: Assets/XRI_Examples/SocketInteractors/Materials/Peg_White.mat
  artifactKey: Guid(81fb32909b9811241bfb5aab0aff7ee8) Importer(815301076,1909f56bfc062723c751e8b465ee728b)
Start importing Assets/XRI_Examples/SocketInteractors/Materials/Peg_White.mat using Guid(81fb32909b9811241bfb5aab0aff7ee8) Importer(815301076,1909f56bfc062723c751e8b465ee728b)  -> (artifact id: 'cbe91dffe52606ee7442e90021493520') in 0.017531 seconds
Number of updated asset objects reloaded before import = 0
Number of asset objects unloaded after import = 2
========================================================================
Received Import Request.
  Time since last request: 0.000027 seconds.
  path: Assets/XRI_Examples/SocketInteractors/Materials/Peg_Black.mat
  artifactKey: Guid(ef2d92b7e2c031b40a91859e9e8bd5f6) Importer(815301076,1909f56bfc062723c751e8b465ee728b)
Start importing Assets/XRI_Examples/SocketInteractors/Materials/Peg_Black.mat using Guid(ef2d92b7e2c031b40a91859e9e8bd5f6) Importer(815301076,1909f56bfc062723c751e8b465ee728b)  -> (artifact id: 'ea000597bc9e185a66b6ccb0f1ac651e') in 0.015209 seconds
Number of updated asset objects reloaded before import = 0
Number of asset objects unloaded after import = 2
========================================================================
Received Import Request.
  Time since last request: 0.667514 seconds.
  path: Assets/XRI_Examples/GrabInteractables/Materials/Plastic_LightBlue.mat
  artifactKey: Guid(78b038bdf7e50464e93011b8db135324) Importer(815301076,1909f56bfc062723c751e8b465ee728b)
Start importing Assets/XRI_Examples/GrabInteractables/Materials/Plastic_LightBlue.mat using Guid(78b038bdf7e50464e93011b8db135324) Importer(815301076,1909f56bfc062723c751e8b465ee728b)  -> (artifact id: '079e0fe6e0889f441a4e073a2f901206') in 0.013994 seconds
Number of updated asset objects reloaded before import = 0
Number of asset objects unloaded after import = 2
========================================================================
Received Import Request.
  Time since last request: 0.000024 seconds.
  path: Assets/XRI_Examples/GrabInteractables/Materials/Ribbon_Red.mat
  artifactKey: Guid(5da81fd9a9494974d8ee008bec125773) Importer(815301076,1909f56bfc062723c751e8b465ee728b)
Start importing Assets/XRI_Examples/GrabInteractables/Materials/Ribbon_Red.mat using Guid(5da81fd9a9494974d8ee008bec125773) Importer(815301076,1909f56bfc062723c751e8b465ee728b)  -> (artifact id: '369368775d3007cf060faded83e0b606') in 0.894350 seconds
Number of updated asset objects reloaded before import = 0
Number of asset objects unloaded after import = 2
========================================================================
Received Import Request.
  Time since last request: 3.170688 seconds.
  path: Assets/XRI_Examples/Environment/Materials/Skybox.mat
  artifactKey: Guid(1e8a716d9f6a33a4d8c6f7ce6b95219d) Importer(815301076,1909f56bfc062723c751e8b465ee728b)
Start importing Assets/XRI_Examples/Environment/Materials/Skybox.mat using Guid(1e8a716d9f6a33a4d8c6f7ce6b95219d) Importer(815301076,1909f56bfc062723c751e8b465ee728b)  -> (artifact id: '63383710b965dbfc480e6868d3f3f282') in 0.064738 seconds
Number of updated asset objects reloaded before import = 0
Number of asset objects unloaded after import = 2
========================================================================
Received Import Request.
  Time since last request: 0.137020 seconds.
  path: Assets/Fonts/super_mario_256/SuperMario256 SDF.asset
  artifactKey: Guid(f110a6d109377c34ba1f8e8a7b4e07d2) Importer(815301076,1909f56bfc062723c751e8b465ee728b)
Start importing Assets/Fonts/super_mario_256/SuperMario256 SDF.asset using Guid(f110a6d109377c34ba1f8e8a7b4e07d2) Importer(815301076,1909f56bfc062723c751e8b465ee728b)  -> (artifact id: 'd99953581af461f365f246ecb3ebee23') in 0.028187 seconds
Number of updated asset objects reloaded before import = 0
Number of asset objects unloaded after import = 7
========================================================================
Received Import Request.
  Time since last request: 0.000025 seconds.
  path: Assets/XRI_Examples/Global/Materials/Teleport_Reticle.mat
  artifactKey: Guid(ef84914a2e9f67144ac3d6fcaccb20bf) Importer(815301076,1909f56bfc062723c751e8b465ee728b)
Start importing Assets/XRI_Examples/Global/Materials/Teleport_Reticle.mat using Guid(ef84914a2e9f67144ac3d6fcaccb20bf) Importer(815301076,1909f56bfc062723c751e8b465ee728b)  -> (artifact id: '9986a8b9c64e24ef5083914bdffb1753') in 0.023906 seconds
Number of updated asset objects reloaded before import = 0
Number of asset objects unloaded after import = 2
========================================================================
Received Import Request.
  Time since last request: 0.000028 seconds.
  path: Assets/XRI_Examples/Props/Materials/TargetRing_InnerRing_02.mat
  artifactKey: Guid(970a54a4b1b5b414c9d6ae625187198f) Importer(815301076,1909f56bfc062723c751e8b465ee728b)
Start importing Assets/XRI_Examples/Props/Materials/TargetRing_InnerRing_02.mat using Guid(970a54a4b1b5b414c9d6ae625187198f) Importer(815301076,1909f56bfc062723c751e8b465ee728b)  -> (artifact id: '60befc045ddb6297b4727472206feec6') in 0.403424 seconds
Number of updated asset objects reloaded before import = 0
Number of asset objects unloaded after import = 2
========================================================================
Received Import Request.
  Time since last request: 1.364816 seconds.
  path: Assets/water thingie/Materials/water-removebg-preview__1_-removebg-preview.mat
  artifactKey: Guid(a377c7c69280d4f42ad57eb499debb21) Importer(815301076,1909f56bfc062723c751e8b465ee728b)
Start importing Assets/water thingie/Materials/water-removebg-preview__1_-removebg-preview.mat using Guid(a377c7c69280d4f42ad57eb499debb21) Importer(815301076,1909f56bfc062723c751e8b465ee728b)  -> (artifact id: '04df7fc5c8d6c9c2c4e82a9d0d5e47c0') in 0.016300 seconds
Number of updated asset objects reloaded before import = 0
Number of asset objects unloaded after import = 3
========================================================================
Received Import Request.
  Time since last request: 0.000023 seconds.
  path: Assets/3D Laboratory Environment with Appratus/Models/shelf showcase 1.fbx
  artifactKey: Guid(19cebbe4a89244b42992150bce37a6d0) Importer(815301076,1909f56bfc062723c751e8b465ee728b)
Start importing Assets/3D Laboratory Environment with Appratus/Models/shelf showcase 1.fbx using Guid(19cebbe4a89244b42992150bce37a6d0) Importer(815301076,1909f56bfc062723c751e8b465ee728b)  -> (artifact id: '42f446d271df634c77a65cc39714d296') in 0.029056 seconds
Number of updated asset objects reloaded before import = 0
Number of asset objects unloaded after import = 10
========================================================================
Received Import Request.
  Time since last request: 0.000030 seconds.
  path: Assets/XRI_Examples/Props/Materials/WaterSprinkles_Drops.mat
  artifactKey: Guid(61dae1cd54b2c3d4eacb50ea7e720da0) Importer(815301076,1909f56bfc062723c751e8b465ee728b)
Start importing Assets/XRI_Examples/Props/Materials/WaterSprinkles_Drops.mat using Guid(61dae1cd54b2c3d4eacb50ea7e720da0) Importer(815301076,1909f56bfc062723c751e8b465ee728b)  -> (artifact id: '2c30b3ce582c3f53da0518213bf1a172') in 1.009046 seconds
Number of updated asset objects reloaded before import = 0
Number of asset objects unloaded after import = 4
Editor requested this worker to shutdown with reason: Scaling down because of idle timeout
AssetImportWorker is now disconnected from the server
Process exiting
Exiting without the bug reporter. Application will terminate with return code 0