Using pre-set license
Built from '2023.1/staging' branch; Version is '2023.1.11f1 (fbf46ad88f3d) revision 16512106'; Using compiler version '192829333'; Build Type 'Release'
OS: 'Windows 10  (10.0.19045) 64bit Enterprise' Language: 'en' Physical Memory: 32477 MB
BatchMode: 1, IsHumanControllingUs: 0, StartBugReporterOnCrash: 0, Is64bit: 1, IsPro: 1

COMMAND LINE ARGUMENTS:
C:\Program Files\Unity 2023.1.11f1\Editor\Unity.exe
-adb2
-batchMode
-noUpm
-name
AssetImportWorker5
-projectPath
C:/Users/A00307309/OneDrive - TUS MM/2nd Year/Documents/GitHub/racoonSim/spaceApps
-logFile
Logs/AssetImportWorker5.log
-srvPort
51095
Successfully changed project path to: C:/Users/A00307309/OneDrive - TUS MM/2nd Year/Documents/GitHub/racoonSim/spaceApps
C:/Users/A00307309/OneDrive - TUS MM/2nd Year/Documents/GitHub/racoonSim/spaceApps
[UnityMemory] Configuration Parameters - Can be set up in boot.config
    "memorysetup-bucket-allocator-granularity=16"
    "memorysetup-bucket-allocator-bucket-count=8"
    "memorysetup-bucket-allocator-block-size=33554432"
    "memorysetup-bucket-allocator-block-count=8"
    "memorysetup-main-allocator-block-size=16777216"
    "memorysetup-thread-allocator-block-size=16777216"
    "memorysetup-gfx-main-allocator-block-size=16777216"
    "memorysetup-gfx-thread-allocator-block-size=16777216"
    "memorysetup-cache-allocator-block-size=4194304"
    "memorysetup-typetree-allocator-block-size=2097152"
    "memorysetup-profiler-bucket-allocator-granularity=16"
    "memorysetup-profiler-bucket-allocator-bucket-count=8"
    "memorysetup-profiler-bucket-allocator-block-size=33554432"
    "memorysetup-profiler-bucket-allocator-block-count=8"
    "memorysetup-profiler-allocator-block-size=16777216"
    "memorysetup-profiler-editor-allocator-block-size=1048576"
    "memorysetup-temp-allocator-size-main=16777216"
    "memorysetup-job-temp-allocator-block-size=2097152"
    "memorysetup-job-temp-allocator-block-size-background=1048576"
    "memorysetup-job-temp-allocator-reduction-small-platforms=262144"
    "memorysetup-allocator-temp-initial-block-size-main=262144"
    "memorysetup-allocator-temp-initial-block-size-worker=262144"
    "memorysetup-temp-allocator-size-background-worker=32768"
    "memorysetup-temp-allocator-size-job-worker=262144"
    "memorysetup-temp-allocator-size-preload-manager=33554432"
    "memorysetup-temp-allocator-size-nav-mesh-worker=65536"
    "memorysetup-temp-allocator-size-audio-worker=65536"
    "memorysetup-temp-allocator-size-cloud-worker=32768"
    "memorysetup-temp-allocator-size-gi-baking-worker=262144"
    "memorysetup-temp-allocator-size-gfx=262144"
Player connection [2220] Host "[IP] 192.168.222.109 [Port] 0 [Flags] 2 [Guid] 2849632784 [EditorId] 2849632784 [Version] 1048832 [Id] WindowsEditor(7,AT-X207-PC09) [Debug] 1 [PackageName] WindowsEditor [ProjectName] Editor" joined multi-casting on [225.0.0.222:54997]...

Player connection [2220] Host "[IP] 192.168.222.109 [Port] 0 [Flags] 2 [Guid] 2849632784 [EditorId] 2849632784 [Version] 1048832 [Id] WindowsEditor(7,AT-X207-PC09) [Debug] 1 [PackageName] WindowsEditor [ProjectName] Editor" joined alternative multi-casting on [225.0.0.222:34997]...

[Physics::Module] Initialized MultithreadedJobDispatcher with 19 workers.
Library Redirect Path: Library/Refreshing native plugins compatible for Editor in 19.50 ms, found 13 plugins.
Preloading 1 native plugins for Editor in 0.63 ms.
Initialize engine version: 2023.1.11f1 (fbf46ad88f3d)
[Subsystems] Discovering subsystems at path C:/Program Files/Unity 2023.1.11f1/Editor/Data/Resources/UnitySubsystems
[Subsystems] Discovering subsystems at path C:/Users/A00307309/OneDrive - TUS MM/2nd Year/Documents/GitHub/racoonSim/spaceApps/Assets
GfxDevice: creating device client; threaded=0; jobified=0
Direct3D:
    Version:  Direct3D 11.0 [level 11.1]
    Renderer: NVIDIA GeForce RTX 3080 (ID=0x2216)
    Vendor:   NVIDIA
    VRAM:     10053 MB
    Driver:   32.0.15.5612
Initialize mono
Mono path[0] = 'C:/Program Files/Unity 2023.1.11f1/Editor/Data/Managed'
Mono path[1] = 'C:/Program Files/Unity 2023.1.11f1/Editor/Data/MonoBleedingEdge/lib/mono/unityjit-win32'
Mono config path = 'C:/Program Files/Unity 2023.1.11f1/Editor/Data/MonoBleedingEdge/etc'
Using monoOptions --debugger-agent=transport=dt_socket,embedding=1,server=y,suspend=n,address=127.0.0.1:56636
Begin MonoManager ReloadAssembly
C:\build\output\Unity-Technologies\mono\mono\metadata\icall.c:1842:
C:\build\output\Unity-Technologies\mono\mono\metadata\icall.c:1842:
C:\build\output\Unity-Technologies\mono\mono\metadata\icall.c:1842:
C:\build\output\Unity-Technologies\mono\mono\metadata\icall.c:1842:
C:\build\output\Unity-Technologies\mono\mono\metadata\icall.c:1842:
C:\build\output\Unity-Technologies\mono\mono\metadata\icall.c:1842:
C:\build\output\Unity-Technologies\mono\mono\metadata\icall.c:1842:
C:\build\output\Unity-Technologies\mono\mono\metadata\icall.c:1842:
C:\build\output\Unity-Technologies\mono\mono\metadata\icall.c:1842:
C:\build\output\Unity-Technologies\mono\mono\metadata\icall.c:1842:
Registering precompiled unity dll's ...
Register platform support module: C:/Program Files/Unity 2023.1.11f1/Editor/Data/PlaybackEngines/WindowsStandaloneSupport/UnityEditor.WindowsStandalone.Extensions.dll
Registered in 0.004287 seconds.
- Loaded All Assemblies, in  0.414 seconds
Native extension for WindowsStandalone target not found
Mono: successfully reloaded assembly
C:\build\output\Unity-Technologies\mono\mono\metadata\icall.c:1842:
C:\build\output\Unity-Technologies\mono\mono\metadata\icall.c:1842:
- Finished resetting the current domain, in  0.301 seconds
Domain Reload Profiling: 713ms
	BeginReloadAssembly (123ms)
		ExecutionOrderSort (0ms)
		DisableScriptedObjects (0ms)
		BackupInstance (0ms)
		ReleaseScriptingObjects (0ms)
		CreateAndSetChildDomain (1ms)
	RebuildCommonClasses (40ms)
	RebuildNativeTypeToScriptingClass (14ms)
	initialDomainReloadingComplete (50ms)
	LoadAllAssembliesAndSetupDomain (185ms)
		LoadAssemblies (120ms)
		RebuildTransferFunctionScriptingTraits (0ms)
		AnalyzeDomain (180ms)
			TypeCache.Refresh (179ms)
				TypeCache.ScanAssembly (164ms)
			ScanForSourceGeneratedMonoScriptInfo (1ms)
			ResolveRequiredComponents (1ms)
	FinalizeReload (301ms)
		ReleaseScriptCaches (0ms)
		RebuildScriptCaches (0ms)
		SetupLoadedEditorAssemblies (246ms)
			LogAssemblyErrors (0ms)
			InitializePlatformSupportModulesInManaged (12ms)
			SetLoadedEditorAssemblies (6ms)
			BeforeProcessingInitializeOnLoad (8ms)
			ProcessInitializeOnLoadAttributes (169ms)
			ProcessInitializeOnLoadMethodAttributes (52ms)
			AfterProcessingInitializeOnLoad (0ms)
			EditorAssembliesLoaded (0ms)
		ExecutionOrderSort2 (0ms)
		AwakeInstancesAfterBackupRestoration (0ms)
========================================================================
Worker process is ready to serve import requests
Import Worker Mode flag is 0x00
Begin MonoManager ReloadAssembly
C:\build\output\Unity-Technologies\mono\mono\metadata\icall.c:1842:
C:\build\output\Unity-Technologies\mono\mono\metadata\icall.c:1842:
C:\build\output\Unity-Technologies\mono\mono\metadata\icall.c:1842:
C:\build\output\Unity-Technologies\mono\mono\metadata\icall.c:1842:
C:\build\output\Unity-Technologies\mono\mono\metadata\icall.c:1842:
C:\build\output\Unity-Technologies\mono\mono\metadata\icall.c:1842:
C:\build\output\Unity-Technologies\mono\mono\metadata\icall.c:1842:
C:\build\output\Unity-Technologies\mono\mono\metadata\icall.c:1842:
C:\build\output\Unity-Technologies\mono\mono\metadata\icall.c:1842:
C:\build\output\Unity-Technologies\mono\mono\metadata\icall.c:1842:
C:\build\output\Unity-Technologies\mono\mono\metadata\icall.c:1842:
C:\build\output\Unity-Technologies\mono\mono\metadata\icall.c:1842:
Symbol file LoadedFromMemory doesn't match image C:\Users\A00307309\OneDrive - TUS MM\2nd Year\Documents\GitHub\racoonSim\spaceApps\Library\PackageCache\com.unity.visualscripting@1.8.0\Editor\VisualScripting.Core\Dependencies\YamlDotNet\Unity.VisualScripting.YamlDotNet.dll
Symbol file LoadedFromMemory doesn't match image C:\Users\A00307309\OneDrive - TUS MM\2nd Year\Documents\GitHub\racoonSim\spaceApps\Library\PackageCache\com.unity.visualscripting@1.8.0\Editor\VisualScripting.Core\Dependencies\DotNetZip\Unity.VisualScripting.IonicZip.dll
- Loaded All Assemblies, in  1.045 seconds
Refreshing native plugins compatible for Editor in 10.62 ms, found 13 plugins.
Native extension for WindowsStandalone target not found
Package Manager log level set to [2]
[Package Manager] Failed to launch server process. Reason: Unity was launched with the -noUpm command-line argument
[Package Manager] Unable to send message (not connected to server process).
[Package Manager] Cannot connect to Unity Package Manager local server
System.Reflection.TargetInvocationException: Exception has been thrown by the target of an invocation. ---> System.NullReferenceException: Object reference not set to an instance of an object
  at Unity.XR.Oculus.OculusLoader.AssetPathToAbsolutePath (System.String assetPath) [0x0003d] in .\Library\PackageCache\com.unity.xr.oculus@4.0.0\Runtime\OculusLoader.cs:282 
  at Unity.XR.Oculus.OculusLoader.EditorLoadOVRPlugin () [0x0007b] in .\Library\PackageCache\com.unity.xr.oculus@4.0.0\Runtime\OculusLoader.cs:267 
  at (wrapper managed-to-native) System.Reflection.RuntimeMethodInfo.InternalInvoke(System.Reflection.RuntimeMethodInfo,object,object[],System.Exception&)
  at System.Reflection.RuntimeMethodInfo.Invoke (System.Object obj, System.Reflection.BindingFlags invokeAttr, System.Reflection.Binder binder, System.Object[] parameters, System.Globalization.CultureInfo culture) [0x0006a] in <fb9cb1df970c4c34a7934ab4caf453a1>:0 
   --- End of inner exception stack trace ---
  at System.Reflection.RuntimeMethodInfo.Invoke (System.Object obj, System.Reflection.BindingFlags invokeAttr, System.Reflection.Binder binder, System.Object[] parameters, System.Globalization.CultureInfo culture) [0x00083] in <fb9cb1df970c4c34a7934ab4caf453a1>:0 
  at System.Reflection.MethodBase.Invoke (System.Object obj, System.Object[] parameters) [0x00000] in <fb9cb1df970c4c34a7934ab4caf453a1>:0 
  at UnityEditor.EditorAssemblies.ProcessInitializeOnLoadMethodAttributes () [0x00056] in <5e6df13d0148423f903ca18fc500b90b>:0 
UnityEngine.StackTraceUtility:ExtractStackTrace ()
UnityEngine.DebugLogHandler:Internal_Log (UnityEngine.LogType,UnityEngine.LogOption,string,UnityEngine.Object)
UnityEngine.DebugLogHandler:LogFormat (UnityEngine.LogType,UnityEngine.Object,string,object[])
UnityEngine.Logger:Log (UnityEngine.LogType,object)
UnityEngine.Debug:LogError (object)
UnityEditor.EditorAssemblies:ProcessInitializeOnLoadMethodAttributes ()

Mono: successfully reloaded assembly
[Package Manager] Failed to launch server process. Reason: Unity was launched with the -noUpm command-line argument
[Package Manager] Unable to send message (not connected to server process).
[Package Manager] Cannot connect to Unity Package Manager local server
[Package Manager] Failed to launch server process. Reason: Unity was launched with the -noUpm command-line argument
[Package Manager] Unable to send message (not connected to server process).
[Package Manager] Cannot connect to Unity Package Manager local server
- Finished resetting the current domain, in  0.865 seconds
Domain Reload Profiling: 1906ms
	BeginReloadAssembly (303ms)
		ExecutionOrderSort (0ms)
		DisableScriptedObjects (6ms)
		BackupInstance (0ms)
		ReleaseScriptingObjects (0ms)
		CreateAndSetChildDomain (40ms)
	RebuildCommonClasses (38ms)
	RebuildNativeTypeToScriptingClass (13ms)
	initialDomainReloadingComplete (40ms)
	LoadAllAssembliesAndSetupDomain (647ms)
		LoadAssemblies (335ms)
		RebuildTransferFunctionScriptingTraits (0ms)
		AnalyzeDomain (402ms)
			TypeCache.Refresh (357ms)
				TypeCache.ScanAssembly (340ms)
			ScanForSourceGeneratedMonoScriptInfo (29ms)
			ResolveRequiredComponents (15ms)
	FinalizeReload (866ms)
		ReleaseScriptCaches (0ms)
		RebuildScriptCaches (0ms)
		SetupLoadedEditorAssemblies (540ms)
			LogAssemblyErrors (0ms)
			InitializePlatformSupportModulesInManaged (5ms)
			SetLoadedEditorAssemblies (3ms)
			BeforeProcessingInitializeOnLoad (99ms)
			ProcessInitializeOnLoadAttributes (367ms)
			ProcessInitializeOnLoadMethodAttributes (61ms)
			AfterProcessingInitializeOnLoad (4ms)
			EditorAssembliesLoaded (0ms)
		ExecutionOrderSort2 (0ms)
		AwakeInstancesAfterBackupRestoration (8ms)
Launched and connected shader compiler UnityShaderCompiler.exe after 0.01 seconds
Refreshing native plugins compatible for Editor in 26.40 ms, found 13 plugins.
Preloading 1 native plugins for Editor in 0.21 ms.
Unloading 6310 Unused Serialized files (Serialized files now loaded: 0)
Unloading 119 unused Assets / (1.5 MB). Loaded Objects now: 6881.
Memory consumption went from 253.0 MB to 251.4 MB.
Total: 12.818700 ms (FindLiveObjects: 1.663000 ms CreateObjectMapping: 1.171500 ms MarkObjects: 8.582200 ms  DeleteObjects: 1.400600 ms)

AssetImportParameters requested are different than current active one (requested -> active):
  custom:video-decoder-webm-vp8: 9c59270c3fd7afecdb556c50c9e8de78 -> 
  custom:SearchIndexIgnoredProperties: e643bd26f0fe6173181afceb89e7c659 -> 
  custom:audio-encoder-webm-vorbis: bf7c407c2cedff20999df2af8eb42d56 -> 
  custom:AudioImporter_EditorPlatform: d09bf68614088b80899f8185d706f6e7 -> 
  custom:audio-decoder-ogg-vorbis: bf7c407c2cedff20999df2af8eb42d56 -> 
  custom:video-encoder-webm-vp8: eb34c28f22e8b96e1ab97ce403110664 -> 
  custom:container-demuxer-ogg: 62fdf1f143b41e24485cea50d1cbac27 -> 
  custom:framework-win-MediaFoundation: 216162199b28c13a410421893ffa2e32 -> 
  custom:video-decoder-ogg-theora: a1e56fd34408186e4bbccfd4996cb3dc -> 
  custom:container-muxer-webm: aa71ff27fc2769a1b78a27578f13a17b -> 
  custom:CustomObjectIndexerAttribute: a3ef5dd2817f97addfee359851a9dba5 -> 
  custom:container-demuxer-webm: 4f35f7cbe854078d1ac9338744f61a02 -> 
========================================================================
Received Import Request.
  Time since last request: 91088.354479 seconds.
  path: Assets/3D Laboratory Environment with Appratus/Materials/Laboratory03_Floor_BaseMap.mat
  artifactKey: Guid(5071cc7251fe57a4fa8619c2a51c0273) Importer(815301076,1909f56bfc062723c751e8b465ee728b)
Start importing Assets/3D Laboratory Environment with Appratus/Materials/Laboratory03_Floor_BaseMap.mat using Guid(5071cc7251fe57a4fa8619c2a51c0273) Importer(815301076,1909f56bfc062723c751e8b465ee728b)  -> (artifact id: '2032ad3ffd2acb9238bc6349fd6ec7e1') in 2.088798 seconds
Number of updated asset objects reloaded before import = 0
Number of asset objects unloaded after import = 5
========================================================================
Received Import Request.
  Time since last request: 11.636343 seconds.
  path: Assets/XRI_Examples/SocketInteractors/Materials/Machine_DarkGrey.mat
  artifactKey: Guid(88b3109a7e7f9674c8f2d5753d6b3b8f) Importer(815301076,1909f56bfc062723c751e8b465ee728b)
Start importing Assets/XRI_Examples/SocketInteractors/Materials/Machine_DarkGrey.mat using Guid(88b3109a7e7f9674c8f2d5753d6b3b8f) Importer(815301076,1909f56bfc062723c751e8b465ee728b)  -> (artifact id: '813d5db8ebe7007e526c54d0651f9bfd') in 0.018365 seconds
Number of updated asset objects reloaded before import = 0
Number of asset objects unloaded after import = 2
========================================================================
Received Import Request.
  Time since last request: 0.352836 seconds.
  path: Assets/XRI_Examples/UI_3D/Materials/MediumGrey.mat
  artifactKey: Guid(dc1d2c50d7463b847ba30ff50e1959b3) Importer(815301076,1909f56bfc062723c751e8b465ee728b)
Start importing Assets/XRI_Examples/UI_3D/Materials/MediumGrey.mat using Guid(dc1d2c50d7463b847ba30ff50e1959b3) Importer(815301076,1909f56bfc062723c751e8b465ee728b)  -> (artifact id: 'b7f1001221295f9e7c8053b5ca1b387c') in 0.016858 seconds
Number of updated asset objects reloaded before import = 0
Number of asset objects unloaded after import = 2
========================================================================
Received Import Request.
  Time since last request: 0.000023 seconds.
  path: Assets/XRI_Examples/ActivateInteractables/Materials/Megaphone_FlatBlack.mat
  artifactKey: Guid(153bed33080d2e842978502908cc410d) Importer(815301076,1909f56bfc062723c751e8b465ee728b)
Start importing Assets/XRI_Examples/ActivateInteractables/Materials/Megaphone_FlatBlack.mat using Guid(153bed33080d2e842978502908cc410d) Importer(815301076,1909f56bfc062723c751e8b465ee728b)  -> (artifact id: '00e0b9229c7cbccb35760873f49e5f4e') in 0.028588 seconds
Number of updated asset objects reloaded before import = 0
Number of asset objects unloaded after import = 3
========================================================================
Received Import Request.
  Time since last request: 0.000029 seconds.
  path: Assets/XRI_Examples/ActivateInteractables/Materials/Megaphone_White.mat
  artifactKey: Guid(b78580f7a920800458d5e85c08cd56e7) Importer(815301076,1909f56bfc062723c751e8b465ee728b)
Start importing Assets/XRI_Examples/ActivateInteractables/Materials/Megaphone_White.mat using Guid(b78580f7a920800458d5e85c08cd56e7) Importer(815301076,1909f56bfc062723c751e8b465ee728b)  -> (artifact id: '7ae7f24a3aa4ee18bdd4e66ae782f7ca') in 0.018993 seconds
Number of updated asset objects reloaded before import = 0
Number of asset objects unloaded after import = 3
========================================================================
Received Import Request.
  Time since last request: 0.265484 seconds.
  path: Assets/Samples/XR Interaction Toolkit/2.4.3/Starter Assets/Models/XRControllerRight.fbx
  artifactKey: Guid(11cd62256b1d470f922b2c8e6446cc77) Importer(815301076,1909f56bfc062723c751e8b465ee728b)
Start importing Assets/Samples/XR Interaction Toolkit/2.4.3/Starter Assets/Models/XRControllerRight.fbx using Guid(11cd62256b1d470f922b2c8e6446cc77) Importer(815301076,1909f56bfc062723c751e8b465ee728b)  -> (artifact id: '0e3bc9a7eb669e55dd5fe6bd95c4ab05') in 0.182738 seconds
Number of updated asset objects reloaded before import = 0
Number of asset objects unloaded after import = 53
========================================================================
Received Import Request.
  Time since last request: 0.000041 seconds.
  path: Assets/XRI_Examples/SocketInteractors/Materials/Peg_Red.mat
  artifactKey: Guid(06e5254b9af529747a8269a16f1953a4) Importer(815301076,1909f56bfc062723c751e8b465ee728b)
Start importing Assets/XRI_Examples/SocketInteractors/Materials/Peg_Red.mat using Guid(06e5254b9af529747a8269a16f1953a4) Importer(815301076,1909f56bfc062723c751e8b465ee728b)  -> (artifact id: '6759d171cd072f7e31e31c20d43b628c') in 0.016960 seconds
Number of updated asset objects reloaded before import = 0
Number of asset objects unloaded after import = 2
========================================================================
Received Import Request.
  Time since last request: 0.000039 seconds.
  path: Assets/XRI_Examples/SocketInteractors/Materials/Peg_Violet.mat
  artifactKey: Guid(3577603abd676f144adf3a36ac61c2e8) Importer(815301076,1909f56bfc062723c751e8b465ee728b)
Start importing Assets/XRI_Examples/SocketInteractors/Materials/Peg_Violet.mat using Guid(3577603abd676f144adf3a36ac61c2e8) Importer(815301076,1909f56bfc062723c751e8b465ee728b)  -> (artifact id: '0b00f8bc8307e6ecc3e090be5f35f269') in 0.019288 seconds
Number of updated asset objects reloaded before import = 0
Number of asset objects unloaded after import = 2
========================================================================
Received Import Request.
  Time since last request: 0.000033 seconds.
  path: Assets/XRI_Examples/SocketInteractors/Materials/Peg_Orange.mat
  artifactKey: Guid(cda5ff44748963e4d9bb10715f07dbc5) Importer(815301076,1909f56bfc062723c751e8b465ee728b)
Start importing Assets/XRI_Examples/SocketInteractors/Materials/Peg_Orange.mat using Guid(cda5ff44748963e4d9bb10715f07dbc5) Importer(815301076,1909f56bfc062723c751e8b465ee728b)  -> (artifact id: 'c8e25ef7be1b20999c5b01ef6f80632e') in 0.019051 seconds
Number of updated asset objects reloaded before import = 0
Number of asset objects unloaded after import = 2
========================================================================
Received Import Request.
  Time since last request: 0.680151 seconds.
  path: Assets/Materials/Reticle.mat
  artifactKey: Guid(a782b6bfeae91f648908586787202cec) Importer(815301076,1909f56bfc062723c751e8b465ee728b)
Start importing Assets/Materials/Reticle.mat using Guid(a782b6bfeae91f648908586787202cec) Importer(815301076,1909f56bfc062723c751e8b465ee728b)  -> (artifact id: '915867d1a8024a7df98211b30001f21e') in 0.014756 seconds
Number of updated asset objects reloaded before import = 0
Number of asset objects unloaded after import = 2
========================================================================
Received Import Request.
  Time since last request: 0.000023 seconds.
  path: Assets/Fonts/roboto/Roboto-Black SDF.asset
  artifactKey: Guid(a78c6b11baf92084d82f539f43030471) Importer(815301076,1909f56bfc062723c751e8b465ee728b)
Start importing Assets/Fonts/roboto/Roboto-Black SDF.asset using Guid(a78c6b11baf92084d82f539f43030471) Importer(815301076,1909f56bfc062723c751e8b465ee728b)  -> (artifact id: 'a583c7f1439bb3f2a52d89bf666db962') in 0.046238 seconds
Number of updated asset objects reloaded before import = 0
Number of asset objects unloaded after import = 7
========================================================================
Received Import Request.
  Time since last request: 0.000028 seconds.
  path: Assets/XRI_Examples/GrabInteractables/Materials/Rubber_Grey.mat
  artifactKey: Guid(79fcff92f6227984fbecd8ee0a2ad6af) Importer(815301076,1909f56bfc062723c751e8b465ee728b)
Start importing Assets/XRI_Examples/GrabInteractables/Materials/Rubber_Grey.mat using Guid(79fcff92f6227984fbecd8ee0a2ad6af) Importer(815301076,1909f56bfc062723c751e8b465ee728b)  -> (artifact id: 'e01b552a92398496f09769253aedf8ea') in 0.015753 seconds
Number of updated asset objects reloaded before import = 0
Number of asset objects unloaded after import = 2
========================================================================
Received Import Request.
  Time since last request: 0.000027 seconds.
  path: Assets/3D Laboratory Environment with Appratus/Materials/roof and blub_other02_BaseMap.mat
  artifactKey: Guid(3b92f9721b48ca749ad0da0028d7fab5) Importer(815301076,1909f56bfc062723c751e8b465ee728b)
Start importing Assets/3D Laboratory Environment with Appratus/Materials/roof and blub_other02_BaseMap.mat using Guid(3b92f9721b48ca749ad0da0028d7fab5) Importer(815301076,1909f56bfc062723c751e8b465ee728b)  -> (artifact id: '5707d2d50ad0e3150072418f923a43e2') in 0.017472 seconds
Number of updated asset objects reloaded before import = 0
Number of asset objects unloaded after import = 4
========================================================================
Received Import Request.
  Time since last request: 4.176625 seconds.
  path: Assets/XRI_Examples/Props/Materials/TargetRing_InnerRing_01.mat
  artifactKey: Guid(f9c4d21f16d5653449a8eda04c948f59) Importer(815301076,1909f56bfc062723c751e8b465ee728b)
Start importing Assets/XRI_Examples/Props/Materials/TargetRing_InnerRing_01.mat using Guid(f9c4d21f16d5653449a8eda04c948f59) Importer(815301076,1909f56bfc062723c751e8b465ee728b)  -> (artifact id: 'c5c90aed598d5a9fb127625552809203') in 0.405490 seconds
Number of updated asset objects reloaded before import = 0
Number of asset objects unloaded after import = 2
========================================================================
Received Import Request.
  Time since last request: 0.000043 seconds.
  path: Assets/XRI_Examples/UI_3D/Materials/ClawMachine/UFO_FX_Sparkles.mat
  artifactKey: Guid(c22c7e3ed62071d4da75f4627d1aba1a) Importer(815301076,1909f56bfc062723c751e8b465ee728b)
Start importing Assets/XRI_Examples/UI_3D/Materials/ClawMachine/UFO_FX_Sparkles.mat using Guid(c22c7e3ed62071d4da75f4627d1aba1a) Importer(815301076,1909f56bfc062723c751e8b465ee728b)  -> (artifact id: '44c79fa1c57a962d61b9a8d9a57f52d3') in 0.133877 seconds
Number of updated asset objects reloaded before import = 0
Number of asset objects unloaded after import = 2
========================================================================
Received Import Request.
  Time since last request: 1.288813 seconds.
  path: Assets/XRI_Examples/Environment/Materials/Waterfall_Rings.mat
  artifactKey: Guid(c8957b06587cb8a48b3992b74ef201b0) Importer(815301076,1909f56bfc062723c751e8b465ee728b)
Start importing Assets/XRI_Examples/Environment/Materials/Waterfall_Rings.mat using Guid(c8957b06587cb8a48b3992b74ef201b0) Importer(815301076,1909f56bfc062723c751e8b465ee728b)  -> (artifact id: '742f9b202717071a0bdd182b43e1e277') in 1.187425 seconds
Number of updated asset objects reloaded before import = 0
Number of asset objects unloaded after import = 4
Editor requested this worker to shutdown with reason: Scaling down because of idle timeout
AssetImportWorker is now disconnected from the server
Process exiting
Exiting without the bug reporter. Application will terminate with return code 0